runmode
	ampli	1 1000 6.200000 magnification_z6.2.fits
	dpl	1 1000 6.200000 dx_z6.2.fits dy_z6.2.fits
	reference	3 47.233278 26.760495 47.233278 26.760495
	end
grid
	number		256
	polar		0
	nlens	141
	end
image
	z_m_limit	 1 B1a B2a 0 1.853  0.000  0.0000 
	z_m_limit	 1 6.1 0 4.944  0.000  0.0000 
	z_m_limit	 1 K2a 0 1.877  0.000  0.0000 
	end
potential
0
	profile		81
	x_centre	-6.438810
	y_centre	3.570689
	ellipticity	0.392940
	angle_pos	153.312191
	core_radius	39.993825
	core_radius_kpc	199.744976
	cut_radius	300.336653
	cut_radius_kpc	1500.000000
	v_disp		1329.255507
	z_lens		0.356000
	end
potential
1
	profile		81
	x_centre	0.000000
	y_centre	0.000000
	ellipticity	0.193687
	angle_pos	67.500000
	core_radius	4.600005
	core_radius_kpc	22.974244
	cut_radius	68.008214
	cut_radius_kpc	339.659911
	v_disp		864.785185
	z_lens		0.356000
	end
potential
2
	profile		81
	x_centre	1.690789
	y_centre	-43.607880
	ellipticity	0.096026
	angle_pos	21.100000
	core_radius	0.023181
	core_radius_kpc	0.115776
	cut_radius	2.563779
	cut_radius_kpc	12.804524
	v_disp		170.823280
	mag		17.762372
	z_lens		0.356000
	end
potential
3
	profile		81
	x_centre	-10.315097
	y_centre	-31.040280
	ellipticity	0.074929
	angle_pos	53.689999
	core_radius	0.023130
	core_radius_kpc	0.115520
	cut_radius	2.558114
	cut_radius_kpc	12.776233
	v_disp		170.634466
	mag		17.767175
	z_lens		0.356000
	end
potential
4
	profile		81
	x_centre	-20.302323
	y_centre	23.794920
	ellipticity	0.093770
	angle_pos	-75.489998
	core_radius	0.021848
	core_radius_kpc	0.109117
	cut_radius	2.416338
	cut_radius_kpc	12.068148
	v_disp		165.838613
	mag		17.890986
	z_lens		0.356000
	end
potential
5
	profile		81
	x_centre	-56.111043
	y_centre	10.359720
	ellipticity	0.104207
	angle_pos	79.339996
	core_radius	0.021805
	core_radius_kpc	0.108904
	cut_radius	2.411619
	cut_radius_kpc	12.044579
	v_disp		165.676594
	mag		17.895231
	z_lens		0.356000
	end
potential
6
	profile		81
	x_centre	39.360663
	y_centre	-23.314680
	ellipticity	0.330702
	angle_pos	51.759998
	core_radius	0.020445
	core_radius_kpc	0.102111
	cut_radius	2.261192
	cut_radius_kpc	11.293289
	v_disp		160.426296
	mag		18.035087
	z_lens		0.356000
	end
potential
7
	profile		81
	x_centre	0.800392
	y_centre	2.770920
	ellipticity	0.367615
	angle_pos	-24.000000
	core_radius	0.019860
	core_radius_kpc	0.099187
	cut_radius	2.196442
	cut_radius_kpc	10.969899
	v_disp		158.112664
	mag		18.098176
	z_lens		0.356000
	end
potential
8
	profile		81
	x_centre	15.274959
	y_centre	56.385720
	ellipticity	0.235496
	angle_pos	29.020000
	core_radius	0.019686
	core_radius_kpc	0.098320
	cut_radius	2.177228
	cut_radius_kpc	10.873938
	v_disp		157.419583
	mag		18.117255
	z_lens		0.356000
	end
potential
9
	profile		81
	x_centre	46.548122
	y_centre	-52.791480
	ellipticity	0.451960
	angle_pos	-57.049999
	core_radius	0.018543
	core_radius_kpc	0.092609
	cut_radius	2.050769
	cut_radius_kpc	10.242351
	v_disp		152.779525
	mag		18.247191
	z_lens		0.356000
	end
potential
10
	profile		81
	x_centre	4.291260
	y_centre	-26.036280
	ellipticity	0.502788
	angle_pos	54.820000
	core_radius	0.018464
	core_radius_kpc	0.092216
	cut_radius	2.042057
	cut_radius_kpc	10.198841
	v_disp		152.454679
	mag		18.256435
	z_lens		0.356000
	end
potential
11
	profile		81
	x_centre	-41.639692
	y_centre	29.450520
	ellipticity	0.487834
	angle_pos	-89.970001
	core_radius	0.017002
	core_radius_kpc	0.084912
	cut_radius	1.880335
	cut_radius_kpc	9.391134
	v_disp		146.293273
	mag		18.435599
	z_lens		0.356000
	end
potential
12
	profile		81
	x_centre	0.208938
	y_centre	9.898920
	ellipticity	0.719861
	angle_pos	-48.009998
	core_radius	0.016492
	core_radius_kpc	0.082369
	cut_radius	1.824021
	cut_radius_kpc	9.109884
	v_disp		144.085991
	mag		18.501625
	z_lens		0.356000
	end
potential
13
	profile		81
	x_centre	4.622347
	y_centre	-1.196280
	ellipticity	0.148660
	angle_pos	54.500000
	core_radius	0.016357
	core_radius_kpc	0.081695
	cut_radius	1.809076
	cut_radius_kpc	9.035239
	v_disp		143.494467
	mag		18.519491
	z_lens		0.356000
	end
potential
14
	profile		81
	x_centre	11.607297
	y_centre	-65.344680
	ellipticity	0.462234
	angle_pos	-60.919998
	core_radius	0.015766
	core_radius_kpc	0.078740
	cut_radius	1.743655
	cut_radius_kpc	8.708502
	v_disp		140.876015
	mag		18.599472
	z_lens		0.356000
	end
potential
15
	profile		81
	x_centre	50.280072
	y_centre	-38.956680
	ellipticity	0.119807
	angle_pos	-81.440002
	core_radius	0.015220
	core_radius_kpc	0.076016
	cut_radius	1.683319
	cut_radius_kpc	8.407159
	v_disp		138.417167
	mag		18.675943
	z_lens		0.356000
	end
potential
16
	profile		81
	x_centre	29.113068
	y_centre	-2.359080
	ellipticity	0.069456
	angle_pos	-55.529999
	core_radius	0.014767
	core_radius_kpc	0.073754
	cut_radius	1.633237
	cut_radius_kpc	8.157033
	v_disp		136.342564
	mag		18.741528
	z_lens		0.356000
	end
potential
17
	profile		81
	x_centre	5.159156
	y_centre	20.403720
	ellipticity	0.432594
	angle_pos	65.220001
	core_radius	0.014072
	core_radius_kpc	0.070279
	cut_radius	1.556290
	cut_radius_kpc	7.772727
	v_disp		133.092032
	mag		18.846322
	z_lens		0.356000
	end
potential
18
	profile		81
	x_centre	3.285145
	y_centre	-0.955080
	ellipticity	0.347664
	angle_pos	48.099998
	core_radius	0.013972
	core_radius_kpc	0.069781
	cut_radius	1.545248
	cut_radius_kpc	7.717578
	v_disp		132.619033
	mag		18.861784
	z_lens		0.356000
	end
potential
19
	profile		81
	x_centre	27.685863
	y_centre	-15.538680
	ellipticity	0.296427
	angle_pos	0.100000
	core_radius	0.013712
	core_radius_kpc	0.068485
	cut_radius	1.516565
	cut_radius_kpc	7.574323
	v_disp		131.382420
	mag		18.902470
	z_lens		0.356000
	end
potential
20
	profile		81
	x_centre	-45.680227
	y_centre	16.281720
	ellipticity	0.100078
	angle_pos	61.599998
	core_radius	0.013460
	core_radius_kpc	0.067225
	cut_radius	1.488647
	cut_radius_kpc	7.434892
	v_disp		130.167528
	mag		18.942816
	z_lens		0.356000
	end
potential
21
	profile		81
	x_centre	-2.970131
	y_centre	-61.582680
	ellipticity	0.646428
	angle_pos	-15.510000
	core_radius	0.013416
	core_radius_kpc	0.067003
	cut_radius	1.483740
	cut_radius_kpc	7.410386
	v_disp		129.952834
	mag		18.949985
	z_lens		0.356000
	end
potential
22
	profile		81
	x_centre	-17.627919
	y_centre	-38.636280
	ellipticity	0.196510
	angle_pos	-13.230000
	core_radius	0.013242
	core_radius_kpc	0.066134
	cut_radius	1.464502
	cut_radius_kpc	7.314301
	v_disp		129.107585
	mag		18.978325
	z_lens		0.356000
	end
potential
23
	profile		81
	x_centre	-3.821954
	y_centre	2.014920
	ellipticity	0.536256
	angle_pos	-28.340000
	core_radius	0.013169
	core_radius_kpc	0.065774
	cut_radius	1.456514
	cut_radius_kpc	7.274408
	v_disp		128.755016
	mag		18.990201
	z_lens		0.356000
	end
potential
24
	profile		81
	x_centre	49.155023
	y_centre	-52.489080
	ellipticity	0.506864
	angle_pos	-52.810001
	core_radius	0.013050
	core_radius_kpc	0.065175
	cut_radius	1.443263
	cut_radius_kpc	7.208227
	v_disp		128.167985
	mag		19.010047
	z_lens		0.356000
	end
potential
25
	profile		81
	x_centre	-50.768665
	y_centre	8.570520
	ellipticity	0.243695
	angle_pos	-33.730000
	core_radius	0.012973
	core_radius_kpc	0.064790
	cut_radius	1.434742
	cut_radius_kpc	7.165671
	v_disp		127.789084
	mag		19.022905
	z_lens		0.356000
	end
potential
26
	profile		81
	x_centre	3.002275
	y_centre	-4.274280
	ellipticity	0.051419
	angle_pos	13.560000
	core_radius	0.012952
	core_radius_kpc	0.064689
	cut_radius	1.432488
	cut_radius_kpc	7.154413
	v_disp		127.688668
	mag		19.026319
	z_lens		0.356000
	end
potential
27
	profile		81
	x_centre	-48.351416
	y_centre	15.846120
	ellipticity	0.219043
	angle_pos	-68.760002
	core_radius	0.012802
	core_radius_kpc	0.063939
	cut_radius	1.415879
	cut_radius_kpc	7.071459
	v_disp		126.946244
	mag		19.051644
	z_lens		0.356000
	end
potential
28
	profile		81
	x_centre	-17.165042
	y_centre	-30.925080
	ellipticity	0.103165
	angle_pos	6.060000
	core_radius	0.012453
	core_radius_kpc	0.062195
	cut_radius	1.377279
	cut_radius_kpc	6.878676
	v_disp		125.203871
	mag		19.111665
	z_lens		0.356000
	end
potential
29
	profile		81
	x_centre	-38.460623
	y_centre	-32.793480
	ellipticity	0.286230
	angle_pos	-89.930000
	core_radius	0.012426
	core_radius_kpc	0.062062
	cut_radius	1.374327
	cut_radius_kpc	6.863933
	v_disp		125.069628
	mag		19.116324
	z_lens		0.356000
	end
potential
30
	profile		81
	x_centre	-1.269699
	y_centre	29.770920
	ellipticity	0.261909
	angle_pos	-63.439999
	core_radius	0.012198
	core_radius_kpc	0.060919
	cut_radius	1.349019
	cut_radius_kpc	6.737535
	v_disp		123.912710
	mag		19.156684
	z_lens		0.356000
	end
potential
31
	profile		81
	x_centre	-51.552986
	y_centre	23.470920
	ellipticity	0.259658
	angle_pos	-57.610001
	core_radius	0.012004
	core_radius_kpc	0.059953
	cut_radius	1.327624
	cut_radius_kpc	6.630680
	v_disp		122.926172
	mag		19.191399
	z_lens		0.356000
	end
potential
32
	profile		81
	x_centre	40.054979
	y_centre	10.050120
	ellipticity	0.283818
	angle_pos	42.459999
	core_radius	0.011558
	core_radius_kpc	0.057723
	cut_radius	1.278247
	cut_radius_kpc	6.384073
	v_disp		120.618593
	mag		19.273700
	z_lens		0.356000
	end
potential
33
	profile		81
	x_centre	-16.274646
	y_centre	-4.029480
	ellipticity	0.616796
	angle_pos	-8.310000
	core_radius	0.011510
	core_radius_kpc	0.057485
	cut_radius	1.272967
	cut_radius_kpc	6.357700
	v_disp		120.369195
	mag		19.282689
	z_lens		0.356000
	end
potential
34
	profile		81
	x_centre	26.657246
	y_centre	6.500520
	ellipticity	0.587710
	angle_pos	84.720001
	core_radius	0.011506
	core_radius_kpc	0.057468
	cut_radius	1.272591
	cut_radius_kpc	6.355824
	v_disp		120.351430
	mag		19.283330
	z_lens		0.356000
	end
potential
35
	profile		81
	x_centre	-12.089461
	y_centre	-54.487080
	ellipticity	0.089984
	angle_pos	-3.070000
	core_radius	0.010809
	core_radius_kpc	0.053984
	cut_radius	1.195434
	cut_radius_kpc	5.970469
	v_disp		116.645921
	mag		19.419147
	z_lens		0.356000
	end
potential
36
	profile		81
	x_centre	6.833873
	y_centre	-13.403880
	ellipticity	0.051559
	angle_pos	85.139999
	core_radius	0.010629
	core_radius_kpc	0.053084
	cut_radius	1.175522
	cut_radius_kpc	5.871021
	v_disp		115.670378
	mag		19.455621
	z_lens		0.356000
	end
potential
37
	profile		81
	x_centre	-56.239621
	y_centre	-14.685480
	ellipticity	0.285425
	angle_pos	-37.750000
	core_radius	0.010616
	core_radius_kpc	0.053020
	cut_radius	1.174101
	cut_radius_kpc	5.863923
	v_disp		115.600432
	mag		19.458248
	z_lens		0.356000
	end
potential
38
	profile		81
	x_centre	-29.524515
	y_centre	52.216920
	ellipticity	0.069272
	angle_pos	15.080000
	core_radius	0.010528
	core_radius_kpc	0.052579
	cut_radius	1.164324
	cut_radius_kpc	5.815093
	v_disp		115.118112
	mag		19.476406
	z_lens		0.356000
	end
potential
39
	profile		81
	x_centre	19.575862
	y_centre	-17.803080
	ellipticity	0.124883
	angle_pos	-30.950001
	core_radius	0.010446
	core_radius_kpc	0.052173
	cut_radius	1.155334
	cut_radius_kpc	5.770194
	v_disp		114.672837
	mag		19.493237
	z_lens		0.356000
	end
potential
40
	profile		81
	x_centre	5.917761
	y_centre	0.765720
	ellipticity	0.451471
	angle_pos	-18.889999
	core_radius	0.010380
	core_radius_kpc	0.051844
	cut_radius	1.148044
	cut_radius_kpc	5.733785
	v_disp		114.310482
	mag		19.506982
	z_lens		0.356000
	end
potential
41
	profile		81
	x_centre	-58.489720
	y_centre	-28.685880
	ellipticity	0.171798
	angle_pos	-53.020000
	core_radius	0.010254
	core_radius_kpc	0.051214
	cut_radius	1.134107
	cut_radius_kpc	5.664180
	v_disp		113.614525
	mag		19.533504
	z_lens		0.356000
	end
potential
42
	profile		81
	x_centre	-70.935982
	y_centre	-14.703480
	ellipticity	0.154486
	angle_pos	62.669998
	core_radius	0.010212
	core_radius_kpc	0.051004
	cut_radius	1.129458
	cut_radius_kpc	5.640960
	v_disp		113.381411
	mag		19.542424
	z_lens		0.356000
	end
potential
43
	profile		81
	x_centre	3.719092
	y_centre	40.455720
	ellipticity	0.044827
	angle_pos	-74.989998
	core_radius	0.010041
	core_radius_kpc	0.050148
	cut_radius	1.110491
	cut_radius_kpc	5.546230
	v_disp		112.425352
	mag		19.579200
	z_lens		0.356000
	end
potential
44
	profile		81
	x_centre	31.376025
	y_centre	24.997320
	ellipticity	0.145303
	angle_pos	-15.940000
	core_radius	0.010017
	core_radius_kpc	0.050027
	cut_radius	1.107815
	cut_radius_kpc	5.532865
	v_disp		112.289812
	mag		19.584439
	z_lens		0.356000
	end
potential
45
	profile		81
	x_centre	54.285249
	y_centre	-16.046280
	ellipticity	0.332573
	angle_pos	88.300003
	core_radius	0.009969
	core_radius_kpc	0.049787
	cut_radius	1.102506
	cut_radius_kpc	5.506350
	v_disp		112.020435
	mag		19.594870
	z_lens		0.356000
	end
potential
46
	profile		81
	x_centre	6.010979
	y_centre	-7.168680
	ellipticity	0.144842
	angle_pos	80.120003
	core_radius	0.009920
	core_radius_kpc	0.049544
	cut_radius	1.097127
	cut_radius_kpc	5.479486
	v_disp		111.746841
	mag		19.605490
	z_lens		0.356000
	end
potential
47
	profile		81
	x_centre	-5.875973
	y_centre	12.832920
	ellipticity	0.495919
	angle_pos	-67.260002
	core_radius	0.009878
	core_radius_kpc	0.049335
	cut_radius	1.092490
	cut_radius_kpc	5.456328
	v_disp		111.510447
	mag		19.614687
	z_lens		0.356000
	end
potential
48
	profile		81
	x_centre	-36.168736
	y_centre	2.655720
	ellipticity	0.389026
	angle_pos	-28.400000
	core_radius	0.009803
	core_radius_kpc	0.048961
	cut_radius	1.084220
	cut_radius_kpc	5.415022
	v_disp		111.087567
	mag		19.631188
	z_lens		0.356000
	end
potential
49
	profile		81
	x_centre	-68.914108
	y_centre	-1.599480
	ellipticity	0.660742
	angle_pos	79.949997
	core_radius	0.009591
	core_radius_kpc	0.047899
	cut_radius	1.060689
	cut_radius_kpc	5.297498
	v_disp		109.875473
	mag		19.678835
	z_lens		0.356000
	end
potential
50
	profile		81
	x_centre	0.906469
	y_centre	1.244520
	ellipticity	0.400763
	angle_pos	33.790001
	core_radius	0.009218
	core_radius_kpc	0.046038
	cut_radius	1.019493
	cut_radius_kpc	5.091752
	v_disp		107.720648
	mag		19.764853
	z_lens		0.356000
	end
potential
51
	profile		81
	x_centre	1.015759
	y_centre	0.920520
	ellipticity	0.168189
	angle_pos	57.400002
	core_radius	0.009160
	core_radius_kpc	0.045750
	cut_radius	1.013105
	cut_radius_kpc	5.059848
	v_disp		107.382635
	mag		19.778502
	z_lens		0.356000
	end
potential
52
	profile		81
	x_centre	10.617253
	y_centre	33.363720
	ellipticity	0.310040
	angle_pos	50.080002
	core_radius	0.008980
	core_radius_kpc	0.044847
	cut_radius	0.993115
	cut_radius_kpc	4.960011
	v_disp		106.317965
	mag		19.821776
	z_lens		0.356000
	end
potential
53
	profile		81
	x_centre	15.461395
	y_centre	-67.367880
	ellipticity	0.403543
	angle_pos	-52.709999
	core_radius	0.008923
	core_radius_kpc	0.044564
	cut_radius	0.986834
	cut_radius_kpc	4.928637
	v_disp		105.981181
	mag		19.835555
	z_lens		0.356000
	end
potential
54
	profile		81
	x_centre	-2.886556
	y_centre	-5.509080
	ellipticity	0.133428
	angle_pos	-24.180000
	core_radius	0.008892
	core_radius_kpc	0.044408
	cut_radius	0.983385
	cut_radius_kpc	4.911413
	v_disp		105.795832
	mag		19.843157
	z_lens		0.356000
	end
potential
55
	profile		81
	x_centre	-16.782525
	y_centre	15.180120
	ellipticity	0.315085
	angle_pos	-62.380001
	core_radius	0.008867
	core_radius_kpc	0.044284
	cut_radius	0.980641
	cut_radius_kpc	4.897710
	v_disp		105.648140
	mag		19.849224
	z_lens		0.356000
	end
potential
56
	profile		81
	x_centre	-16.940032
	y_centre	-0.908280
	ellipticity	0.332740
	angle_pos	-60.660000
	core_radius	0.008574
	core_radius_kpc	0.042822
	cut_radius	0.948260
	cut_radius_kpc	4.735986
	v_disp		103.889237
	mag		19.922137
	z_lens		0.356000
	end
potential
57
	profile		81
	x_centre	-18.560103
	y_centre	-50.685480
	ellipticity	0.609320
	angle_pos	53.310001
	core_radius	0.008369
	core_radius_kpc	0.041799
	cut_radius	0.925608
	cut_radius_kpc	4.622853
	v_disp		102.640878
	mag		19.974639
	z_lens		0.356000
	end
potential
58
	profile		81
	x_centre	65.735039
	y_centre	-21.856680
	ellipticity	0.136590
	angle_pos	79.589996
	core_radius	0.008036
	core_radius_kpc	0.040133
	cut_radius	0.888729
	cut_radius_kpc	4.438662
	v_disp		100.575305
	mag		20.062929
	z_lens		0.356000
	end
potential
59
	profile		81
	x_centre	-2.523325
	y_centre	-4.882680
	ellipticity	0.110619
	angle_pos	-34.619999
	core_radius	0.007914
	core_radius_kpc	0.039526
	cut_radius	0.875281
	cut_radius_kpc	4.371498
	v_disp		99.811471
	mag		20.096038
	z_lens		0.356000
	end
potential
60
	profile		81
	x_centre	34.953683
	y_centre	-19.707480
	ellipticity	0.335807
	angle_pos	-42.330002
	core_radius	0.007902
	core_radius_kpc	0.039467
	cut_radius	0.873974
	cut_radius_kpc	4.364974
	v_disp		99.736967
	mag		20.099281
	z_lens		0.356000
	end
potential
61
	profile		81
	x_centre	31.205661
	y_centre	22.981320
	ellipticity	0.983546
	angle_pos	85.580002
	core_radius	0.007826
	core_radius_kpc	0.039086
	cut_radius	0.865534
	cut_radius_kpc	4.322819
	v_disp		99.254192
	mag		20.120354
	z_lens		0.356000
	end
potential
62
	profile		81
	x_centre	-14.644931
	y_centre	-34.924680
	ellipticity	0.164183
	angle_pos	33.930000
	core_radius	0.007785
	core_radius_kpc	0.038881
	cut_radius	0.860988
	cut_radius_kpc	4.300113
	v_disp		98.993176
	mag		20.131790
	z_lens		0.356000
	end
potential
63
	profile		81
	x_centre	-32.719656
	y_centre	-40.630680
	ellipticity	0.311323
	angle_pos	52.349998
	core_radius	0.007740
	core_radius_kpc	0.038655
	cut_radius	0.855996
	cut_radius_kpc	4.275180
	v_disp		98.705774
	mag		20.144417
	z_lens		0.356000
	end
potential
64
	profile		81
	x_centre	5.650963
	y_centre	0.103320
	ellipticity	0.216317
	angle_pos	-53.400002
	core_radius	0.007699
	core_radius_kpc	0.038452
	cut_radius	0.851490
	cut_radius_kpc	4.252679
	v_disp		98.445679
	mag		20.155876
	z_lens		0.356000
	end
potential
65
	profile		81
	x_centre	18.042581
	y_centre	29.220120
	ellipticity	0.189111
	angle_pos	-16.590000
	core_radius	0.007557
	core_radius_kpc	0.037742
	cut_radius	0.835764
	cut_radius_kpc	4.174136
	v_disp		97.532343
	mag		20.196356
	z_lens		0.356000
	end
potential
66
	profile		81
	x_centre	-11.472291
	y_centre	30.476520
	ellipticity	0.189539
	angle_pos	84.220001
	core_radius	0.007549
	core_radius_kpc	0.037705
	cut_radius	0.834946
	cut_radius_kpc	4.170050
	v_disp		97.484587
	mag		20.198483
	z_lens		0.356000
	end
potential
67
	profile		81
	x_centre	-53.079838
	y_centre	-2.953080
	ellipticity	0.088177
	angle_pos	83.739998
	core_radius	0.007544
	core_radius_kpc	0.037678
	cut_radius	0.834361
	cut_radius_kpc	4.167130
	v_disp		97.450452
	mag		20.200004
	z_lens		0.356000
	end
potential
68
	profile		81
	x_centre	-18.794757
	y_centre	18.513720
	ellipticity	0.080421
	angle_pos	-68.250000
	core_radius	0.007206
	core_radius_kpc	0.035989
	cut_radius	0.796959
	cut_radius_kpc	3.980328
	v_disp		95.241178
	mag		20.299595
	z_lens		0.356000
	end
potential
69
	profile		81
	x_centre	39.183869
	y_centre	10.546920
	ellipticity	0.198956
	angle_pos	-80.970001
	core_radius	0.007203
	core_radius_kpc	0.035973
	cut_radius	0.796603
	cut_radius_kpc	3.978552
	v_disp		95.219930
	mag		20.300564
	z_lens		0.356000
	end
potential
70
	profile		81
	x_centre	15.072450
	y_centre	-12.482280
	ellipticity	0.042534
	angle_pos	-68.620003
	core_radius	0.007087
	core_radius_kpc	0.035393
	cut_radius	0.783767
	cut_radius_kpc	3.914442
	v_disp		94.449629
	mag		20.335840
	z_lens		0.356000
	end
potential
71
	profile		81
	x_centre	44.182304
	y_centre	-12.435480
	ellipticity	0.499371
	angle_pos	35.459999
	core_radius	0.007007
	core_radius_kpc	0.034994
	cut_radius	0.774911
	cut_radius_kpc	3.870211
	v_disp		93.914501
	mag		20.360516
	z_lens		0.356000
	end
potential
72
	profile		81
	x_centre	-50.884385
	y_centre	-1.977480
	ellipticity	0.228255
	angle_pos	43.590000
	core_radius	0.006974
	core_radius_kpc	0.034830
	cut_radius	0.771299
	cut_radius_kpc	3.852173
	v_disp		93.695397
	mag		20.370660
	z_lens		0.356000
	end
potential
73
	profile		81
	x_centre	32.272850
	y_centre	-56.614680
	ellipticity	0.456036
	angle_pos	-42.470001
	core_radius	0.006877
	core_radius_kpc	0.034346
	cut_radius	0.760580
	cut_radius_kpc	3.798637
	v_disp		93.042047
	mag		20.401050
	z_lens		0.356000
	end
potential
74
	profile		81
	x_centre	30.749212
	y_centre	45.448920
	ellipticity	0.019843
	angle_pos	61.820000
	core_radius	0.006833
	core_radius_kpc	0.034128
	cut_radius	0.755738
	cut_radius_kpc	3.774457
	v_disp		92.745438
	mag		20.414917
	z_lens		0.356000
	end
potential
75
	profile		81
	x_centre	-15.307103
	y_centre	-3.971880
	ellipticity	0.224401
	angle_pos	-58.490002
	core_radius	0.006692
	core_radius_kpc	0.033423
	cut_radius	0.740128
	cut_radius_kpc	3.696491
	v_disp		91.782558
	mag		20.460241
	z_lens		0.356000
	end
potential
76
	profile		81
	x_centre	-27.943017
	y_centre	17.862120
	ellipticity	0.195826
	angle_pos	80.720001
	core_radius	0.006659
	core_radius_kpc	0.033257
	cut_radius	0.736465
	cut_radius_kpc	3.678197
	v_disp		91.555166
	mag		20.471014
	z_lens		0.356000
	end
potential
77
	profile		81
	x_centre	15.204241
	y_centre	39.480120
	ellipticity	0.338159
	angle_pos	-44.419998
	core_radius	0.006353
	core_radius_kpc	0.031730
	cut_radius	0.702642
	cut_radius_kpc	3.509270
	v_disp		89.428049
	mag		20.573105
	z_lens		0.356000
	end
potential
78
	profile		81
	x_centre	56.040326
	y_centre	-40.763880
	ellipticity	0.642985
	angle_pos	29.389999
	core_radius	0.006316
	core_radius_kpc	0.031543
	cut_radius	0.698503
	cut_radius_kpc	3.488600
	v_disp		89.164290
	mag		20.585933
	z_lens		0.356000
	end
potential
79
	profile		81
	x_centre	-28.020163
	y_centre	26.116920
	ellipticity	0.217345
	angle_pos	-83.989998
	core_radius	0.006314
	core_radius_kpc	0.031534
	cut_radius	0.698307
	cut_radius_kpc	3.487622
	v_disp		89.151788
	mag		20.586542
	z_lens		0.356000
	end
potential
80
	profile		81
	x_centre	2.426893
	y_centre	0.351720
	ellipticity	0.525426
	angle_pos	-0.540000
	core_radius	0.006180
	core_radius_kpc	0.030865
	cut_radius	0.683485
	cut_radius_kpc	3.413594
	v_disp		88.200543
	mag		20.633130
	z_lens		0.356000
	end
potential
81
	profile		81
	x_centre	-7.235676
	y_centre	-6.470280
	ellipticity	0.064906
	angle_pos	72.040001
	core_radius	0.006165
	core_radius_kpc	0.030789
	cut_radius	0.681797
	cut_radius_kpc	3.405166
	v_disp		88.091592
	mag		20.638498
	z_lens		0.356000
	end
potential
82
	profile		81
	x_centre	53.282347
	y_centre	-34.910280
	ellipticity	0.211120
	angle_pos	-72.099998
	core_radius	0.006063
	core_radius_kpc	0.030280
	cut_radius	0.670536
	cut_radius_kpc	3.348920
	v_disp		87.361032
	mag		20.674665
	z_lens		0.356000
	end
potential
83
	profile		81
	x_centre	52.523743
	y_centre	-24.164280
	ellipticity	0.211186
	angle_pos	-51.939999
	core_radius	0.006061
	core_radius_kpc	0.030273
	cut_radius	0.670375
	cut_radius_kpc	3.348120
	v_disp		87.350593
	mag		20.675184
	z_lens		0.356000
	end
potential
84
	profile		81
	x_centre	3.506940
	y_centre	22.056120
	ellipticity	0.226441
	angle_pos	89.400002
	core_radius	0.006034
	core_radius_kpc	0.030134
	cut_radius	0.667296
	cut_radius_kpc	3.332738
	v_disp		87.149712
	mag		20.685183
	z_lens		0.356000
	end
potential
85
	profile		81
	x_centre	-28.370536
	y_centre	-17.029080
	ellipticity	0.033834
	angle_pos	-79.800003
	core_radius	0.005790
	core_radius_kpc	0.028920
	cut_radius	0.640406
	cut_radius_kpc	3.198439
	v_disp		85.375716
	mag		20.774499
	z_lens		0.356000
	end
potential
86
	profile		81
	x_centre	-44.995554
	y_centre	-4.699080
	ellipticity	0.368288
	angle_pos	74.430000
	core_radius	0.005750
	core_radius_kpc	0.028716
	cut_radius	0.635908
	cut_radius_kpc	3.175976
	v_disp		85.075392
	mag		20.789803
	z_lens		0.356000
	end
potential
87
	profile		81
	x_centre	-44.458744
	y_centre	-24.661080
	ellipticity	0.415219
	angle_pos	-13.000000
	core_radius	0.005668
	core_radius_kpc	0.028306
	cut_radius	0.626816
	cut_radius_kpc	3.130567
	v_disp		84.465014
	mag		20.821074
	z_lens		0.356000
	end
potential
88
	profile		81
	x_centre	2.545826
	y_centre	20.472120
	ellipticity	0.020948
	angle_pos	-64.629997
	core_radius	0.005541
	core_radius_kpc	0.027675
	cut_radius	0.612846
	cut_radius_kpc	3.060794
	v_disp		83.518437
	mag		20.870019
	z_lens		0.356000
	end
potential
89
	profile		81
	x_centre	-6.390282
	y_centre	69.972120
	ellipticity	0.547717
	angle_pos	61.860001
	core_radius	0.005530
	core_radius_kpc	0.027617
	cut_radius	0.611554
	cut_radius_kpc	3.054343
	v_disp		83.430387
	mag		20.874600
	z_lens		0.356000
	end
potential
90
	profile		81
	x_centre	-36.467678
	y_centre	7.166520
	ellipticity	0.330655
	angle_pos	79.529999
	core_radius	0.005518
	core_radius_kpc	0.027560
	cut_radius	0.610308
	cut_radius_kpc	3.048118
	v_disp		83.345327
	mag		20.879030
	z_lens		0.356000
	end
potential
91
	profile		81
	x_centre	-59.174393
	y_centre	-31.976280
	ellipticity	0.473399
	angle_pos	-71.989998
	core_radius	0.005407
	core_radius_kpc	0.027005
	cut_radius	0.598011
	cut_radius_kpc	2.986703
	v_disp		82.501407
	mag		20.923229
	z_lens		0.356000
	end
potential
92
	profile		81
	x_centre	-61.768436
	y_centre	-28.855080
	ellipticity	0.219474
	angle_pos	-87.500000
	core_radius	0.005371
	core_radius_kpc	0.026827
	cut_radius	0.594064
	cut_radius_kpc	2.966988
	v_disp		82.228668
	mag		20.937610
	z_lens		0.356000
	end
potential
93
	profile		81
	x_centre	6.509215
	y_centre	-29.204280
	ellipticity	0.088388
	angle_pos	-3.260000
	core_radius	0.005222
	core_radius_kpc	0.026082
	cut_radius	0.577566
	cut_radius_kpc	2.884591
	v_disp		81.078827
	mag		20.998768
	z_lens		0.356000
	end
potential
94
	profile		81
	x_centre	8.717527
	y_centre	-42.823080
	ellipticity	0.535904
	angle_pos	52.080002
	core_radius	0.005112
	core_radius_kpc	0.025533
	cut_radius	0.565420
	cut_radius_kpc	2.823931
	v_disp		80.221792
	mag		21.044919
	z_lens		0.356000
	end
potential
95
	profile		81
	x_centre	-9.456845
	y_centre	-61.222680
	ellipticity	0.518018
	angle_pos	15.930000
	core_radius	0.005009
	core_radius_kpc	0.025016
	cut_radius	0.553960
	cut_radius_kpc	2.766697
	v_disp		79.404690
	mag		21.089381
	z_lens		0.356000
	end
potential
96
	profile		81
	x_centre	19.906948
	y_centre	-43.481880
	ellipticity	0.606273
	angle_pos	-17.389999
	core_radius	0.004990
	core_radius_kpc	0.024923
	cut_radius	0.551912
	cut_radius_kpc	2.756469
	v_disp		79.257771
	mag		21.097424
	z_lens		0.356000
	end
potential
97
	profile		81
	x_centre	12.774134
	y_centre	-14.156280
	ellipticity	0.159628
	angle_pos	42.419998
	core_radius	0.004983
	core_radius_kpc	0.024886
	cut_radius	0.551080
	cut_radius_kpc	2.752313
	v_disp		79.198008
	mag		21.100700
	z_lens		0.356000
	end
potential
98
	profile		81
	x_centre	-6.907804
	y_centre	9.384120
	ellipticity	0.298466
	angle_pos	-53.029999
	core_radius	0.004956
	core_radius_kpc	0.024753
	cut_radius	0.548149
	cut_radius_kpc	2.737675
	v_disp		78.987116
	mag		21.112280
	z_lens		0.356000
	end
potential
99
	profile		81
	x_centre	17.396481
	y_centre	10.759320
	ellipticity	0.603298
	angle_pos	79.000000
	core_radius	0.004878
	core_radius_kpc	0.024364
	cut_radius	0.539515
	cut_radius_kpc	2.694551
	v_disp		78.362549
	mag		21.146757
	z_lens		0.356000
	end
potential
100
	profile		81
	x_centre	-55.468158
	y_centre	8.764920
	ellipticity	0.647480
	angle_pos	77.160004
	core_radius	0.004796
	core_radius_kpc	0.023951
	cut_radius	0.530372
	cut_radius_kpc	2.648887
	v_disp		77.695713
	mag		21.183872
	z_lens		0.356000
	end
potential
101
	profile		81
	x_centre	-5.599532
	y_centre	-48.151080
	ellipticity	0.277391
	angle_pos	41.470001
	core_radius	0.004682
	core_radius_kpc	0.023384
	cut_radius	0.517817
	cut_radius_kpc	2.586184
	v_disp		76.770622
	mag		21.235892
	z_lens		0.356000
	end
potential
102
	profile		81
	x_centre	21.186291
	y_centre	36.686520
	ellipticity	0.111060
	angle_pos	-64.459999
	core_radius	0.004649
	core_radius_kpc	0.023217
	cut_radius	0.514128
	cut_radius_kpc	2.567758
	v_disp		76.496639
	mag		21.251419
	z_lens		0.356000
	end
potential
103
	profile		81
	x_centre	0.855038
	y_centre	-6.625080
	ellipticity	0.450801
	angle_pos	82.080002
	core_radius	0.004638
	core_radius_kpc	0.023166
	cut_radius	0.513006
	cut_radius_kpc	2.562156
	v_disp		76.413159
	mag		21.256161
	z_lens		0.356000
	end
potential
104
	profile		81
	x_centre	63.523513
	y_centre	19.255320
	ellipticity	0.149945
	angle_pos	-41.959999
	core_radius	0.004577
	core_radius_kpc	0.022860
	cut_radius	0.506225
	cut_radius_kpc	2.528287
	v_disp		75.906428
	mag		21.285057
	z_lens		0.356000
	end
potential
105
	profile		81
	x_centre	24.847523
	y_centre	-40.151880
	ellipticity	0.155661
	angle_pos	-6.990000
	core_radius	0.004555
	core_radius_kpc	0.022748
	cut_radius	0.503731
	cut_radius_kpc	2.515832
	v_disp		75.719224
	mag		21.295781
	z_lens		0.356000
	end
potential
106
	profile		81
	x_centre	-64.339977
	y_centre	-18.742680
	ellipticity	0.543004
	angle_pos	-80.839996
	core_radius	0.004509
	core_radius_kpc	0.022521
	cut_radius	0.498706
	cut_radius_kpc	2.490735
	v_disp		75.340597
	mag		21.317552
	z_lens		0.356000
	end
potential
107
	profile		81
	x_centre	54.031309
	y_centre	17.394120
	ellipticity	0.065678
	angle_pos	35.759998
	core_radius	0.004432
	core_radius_kpc	0.022136
	cut_radius	0.490196
	cut_radius_kpc	2.448234
	v_disp		74.695039
	mag		21.354925
	z_lens		0.356000
	end
potential
108
	profile		81
	x_centre	-11.218351
	y_centre	-18.955080
	ellipticity	0.164061
	angle_pos	-27.719999
	core_radius	0.004426
	core_radius_kpc	0.022106
	cut_radius	0.489519
	cut_radius_kpc	2.444849
	v_disp		74.643390
	mag		21.357929
	z_lens		0.356000
	end
potential
109
	profile		81
	x_centre	-9.668997
	y_centre	24.399720
	ellipticity	0.152726
	angle_pos	13.560000
	core_radius	0.004386
	core_radius_kpc	0.021903
	cut_radius	0.485031
	cut_radius_kpc	2.422436
	v_disp		74.300452
	mag		21.377928
	z_lens		0.356000
	end
potential
110
	profile		81
	x_centre	0.790749
	y_centre	-41.203080
	ellipticity	0.158988
	angle_pos	-81.029999
	core_radius	0.004344
	core_radius_kpc	0.021698
	cut_radius	0.480481
	cut_radius_kpc	2.399710
	v_disp		73.951120
	mag		21.398395
	z_lens		0.356000
	end
potential
111
	profile		81
	x_centre	4.181970
	y_centre	-28.232280
	ellipticity	0.114452
	angle_pos	-89.169998
	core_radius	0.004247
	core_radius_kpc	0.021211
	cut_radius	0.469714
	cut_radius_kpc	2.345935
	v_disp		73.117841
	mag		21.447609
	z_lens		0.356000
	end
potential
112
	profile		81
	x_centre	49.142165
	y_centre	12.577320
	ellipticity	0.045861
	angle_pos	20.700001
	core_radius	0.004129
	core_radius_kpc	0.020624
	cut_radius	0.456710
	cut_radius_kpc	2.280989
	v_disp		72.098621
	mag		21.508573
	z_lens		0.356000
	end
potential
113
	profile		81
	x_centre	16.763239
	y_centre	-12.817080
	ellipticity	0.068822
	angle_pos	-2.630000
	core_radius	0.003908
	core_radius_kpc	0.019520
	cut_radius	0.432265
	cut_radius_kpc	2.158901
	v_disp		70.142567
	mag		21.628026
	z_lens		0.356000
	end
potential
114
	profile		81
	x_centre	13.635601
	y_centre	-23.620680
	ellipticity	0.036077
	angle_pos	83.129997
	core_radius	0.003888
	core_radius_kpc	0.019419
	cut_radius	0.430023
	cut_radius_kpc	2.147705
	v_disp		69.960460
	mag		21.639316
	z_lens		0.356000
	end
potential
115
	profile		81
	x_centre	-61.186624
	y_centre	1.467720
	ellipticity	0.200653
	angle_pos	34.540001
	core_radius	0.003806
	core_radius_kpc	0.019010
	cut_radius	0.420960
	cut_radius_kpc	2.102442
	v_disp		69.219324
	mag		21.685569
	z_lens		0.356000
	end
potential
116
	profile		81
	x_centre	-18.508673
	y_centre	-42.607080
	ellipticity	0.252996
	angle_pos	46.380001
	core_radius	0.003712
	core_radius_kpc	0.018539
	cut_radius	0.410534
	cut_radius_kpc	2.050371
	v_disp		68.356774
	mag		21.740027
	z_lens		0.356000
	end
potential
117
	profile		81
	x_centre	-44.854119
	y_centre	39.678120
	ellipticity	0.476250
	angle_pos	19.480000
	core_radius	0.003679
	core_radius_kpc	0.018374
	cut_radius	0.406880
	cut_radius_kpc	2.032119
	v_disp		68.051838
	mag		21.759444
	z_lens		0.356000
	end
potential
118
	profile		81
	x_centre	41.938633
	y_centre	-34.852680
	ellipticity	0.169592
	angle_pos	82.699997
	core_radius	0.003658
	core_radius_kpc	0.018272
	cut_radius	0.404618
	cut_radius_kpc	2.020823
	v_disp		67.862438
	mag		21.771548
	z_lens		0.356000
	end
potential
119
	profile		81
	x_centre	48.454278
	y_centre	-47.179080
	ellipticity	0.263328
	angle_pos	-47.700001
	core_radius	0.003624
	core_radius_kpc	0.018102
	cut_radius	0.400861
	cut_radius_kpc	2.002058
	v_disp		67.546625
	mag		21.791806
	z_lens		0.356000
	end
potential
120
	profile		81
	x_centre	18.000793
	y_centre	-54.375480
	ellipticity	0.642014
	angle_pos	-87.120003
	core_radius	0.003619
	core_radius_kpc	0.018072
	cut_radius	0.400203
	cut_radius_kpc	1.998771
	v_disp		67.491154
	mag		21.795374
	z_lens		0.356000
	end
potential
121
	profile		81
	x_centre	42.922248
	y_centre	-8.407080
	ellipticity	0.141221
	angle_pos	83.830002
	core_radius	0.003597
	core_radius_kpc	0.017965
	cut_radius	0.397830
	cut_radius_kpc	1.986918
	v_disp		67.290748
	mag		21.808289
	z_lens		0.356000
	end
potential
122
	profile		81
	x_centre	27.579786
	y_centre	12.728520
	ellipticity	0.506962
	angle_pos	-33.709999
	core_radius	0.003461
	core_radius_kpc	0.017286
	cut_radius	0.382798
	cut_radius_kpc	1.911842
	v_disp		66.007207
	mag		21.891929
	z_lens		0.356000
	end
potential
123
	profile		81
	x_centre	59.270826
	y_centre	-32.725080
	ellipticity	0.289368
	angle_pos	-12.700000
	core_radius	0.003376
	core_radius_kpc	0.016863
	cut_radius	0.373425
	cut_radius_kpc	1.865034
	v_disp		65.194154
	mag		21.945756
	z_lens		0.356000
	end
potential
124
	profile		81
	x_centre	-47.856394
	y_centre	40.776120
	ellipticity	0.124257
	angle_pos	-64.510002
	core_radius	0.003295
	core_radius_kpc	0.016458
	cut_radius	0.364455
	cut_radius_kpc	1.820233
	v_disp		64.406375
	mag		21.998554
	z_lens		0.356000
	end
potential
125
	profile		81
	x_centre	-30.614206
	y_centre	57.717720
	ellipticity	0.052137
	angle_pos	-43.509998
	core_radius	0.003270
	core_radius_kpc	0.016329
	cut_radius	0.361605
	cut_radius_kpc	1.805996
	v_disp		64.154002
	mag		22.015605
	z_lens		0.356000
	end
potential
126
	profile		81
	x_centre	0.144649
	y_centre	69.694920
	ellipticity	0.089576
	angle_pos	-82.269997
	core_radius	0.003252
	core_radius_kpc	0.016244
	cut_radius	0.359710
	cut_radius_kpc	1.796533
	v_disp		63.985705
	mag		22.027013
	z_lens		0.356000
	end
potential
127
	profile		81
	x_centre	-67.120457
	y_centre	-7.550280
	ellipticity	0.349272
	angle_pos	8.180000
	core_radius	0.003227
	core_radius_kpc	0.016115
	cut_radius	0.356849
	cut_radius_kpc	1.782243
	v_disp		63.730725
	mag		22.044354
	z_lens		0.356000
	end
potential
128
	profile		81
	x_centre	-25.734705
	y_centre	-27.130680
	ellipticity	0.520909
	angle_pos	46.980000
	core_radius	0.003180
	core_radius_kpc	0.015884
	cut_radius	0.351751
	cut_radius_kpc	1.756785
	v_disp		63.273908
	mag		22.075596
	z_lens		0.356000
	end
potential
129
	profile		81
	x_centre	-33.748273
	y_centre	72.132120
	ellipticity	0.193037
	angle_pos	78.019997
	core_radius	0.003163
	core_radius_kpc	0.015798
	cut_radius	0.349831
	cut_radius_kpc	1.747194
	v_disp		63.100959
	mag		22.087483
	z_lens		0.356000
	end
potential
130
	profile		81
	x_centre	27.782295
	y_centre	14.218920
	ellipticity	0.206369
	angle_pos	58.080002
	core_radius	0.003144
	core_radius_kpc	0.015703
	cut_radius	0.347732
	cut_radius_kpc	1.736710
	v_disp		62.911343
	mag		22.100553
	z_lens		0.356000
	end
potential
131
	profile		81
	x_centre	-22.324198
	y_centre	55.280520
	ellipticity	0.035658
	angle_pos	49.639999
	core_radius	0.003130
	core_radius_kpc	0.015632
	cut_radius	0.346156
	cut_radius_kpc	1.728840
	v_disp		62.768645
	mag		22.110415
	z_lens		0.356000
	end
potential
132
	profile		81
	x_centre	45.024484
	y_centre	-7.420680
	ellipticity	0.741175
	angle_pos	56.360001
	core_radius	0.003101
	core_radius_kpc	0.015490
	cut_radius	0.343011
	cut_radius_kpc	1.713134
	v_disp		62.482868
	mag		22.130233
	z_lens		0.356000
	end
potential
133
	profile		81
	x_centre	30.726711
	y_centre	-25.694280
	ellipticity	0.378236
	angle_pos	-85.519997
	core_radius	0.003054
	core_radius_kpc	0.015254
	cut_radius	0.337792
	cut_radius_kpc	1.687065
	v_disp		62.005649
	mag		22.163530
	z_lens		0.356000
	end
potential
134
	profile		81
	x_centre	-6.788871
	y_centre	-25.953480
	ellipticity	0.078263
	angle_pos	15.660000
	core_radius	0.003040
	core_radius_kpc	0.015185
	cut_radius	0.336256
	cut_radius_kpc	1.679397
	v_disp		61.864578
	mag		22.173422
	z_lens		0.356000
	end
potential
135
	profile		81
	x_centre	-31.951408
	y_centre	46.816920
	ellipticity	0.395069
	angle_pos	-9.800000
	core_radius	0.003011
	core_radius_kpc	0.015040
	cut_radius	0.333047
	cut_radius_kpc	1.663371
	v_disp		61.568682
	mag		22.194244
	z_lens		0.356000
	end
potential
136
	profile		81
	x_centre	-16.220000
	y_centre	27.225720
	ellipticity	0.036685
	angle_pos	-60.770000
	core_radius	0.002991
	core_radius_kpc	0.014940
	cut_radius	0.330842
	cut_radius_kpc	1.652355
	v_disp		61.364466
	mag		22.208673
	z_lens		0.356000
	end
potential
137
	profile		81
	x_centre	-7.987852
	y_centre	32.557320
	ellipticity	0.495892
	angle_pos	-12.330000
	core_radius	0.002980
	core_radius_kpc	0.014883
	cut_radius	0.329570
	cut_radius_kpc	1.646005
	v_disp		61.246455
	mag		22.217033
	z_lens		0.356000
	end
potential
138
	profile		81
	x_centre	-31.057797
	y_centre	-37.783080
	ellipticity	0.093322
	angle_pos	-73.430000
	core_radius	0.002892
	core_radius_kpc	0.014446
	cut_radius	0.319890
	cut_radius_kpc	1.597658
	v_disp		60.340271
	mag		22.281770
	z_lens		0.356000
	end
potential
139
	profile		81
	x_centre	3.863742
	y_centre	29.014920
	ellipticity	0.461584
	angle_pos	-63.720001
	core_radius	0.002858
	core_radius_kpc	0.014275
	cut_radius	0.316114
	cut_radius_kpc	1.578799
	v_disp		59.983079
	mag		22.307555
	z_lens		0.356000
	end
potential
140
	profile		81
	x_centre	33.115030
	y_centre	-40.951080
	ellipticity	0.129824
	angle_pos	6.390000
	core_radius	0.000931
	core_radius_kpc	0.004650
	cut_radius	0.102966
	cut_radius_kpc	0.514253
	v_disp		34.233686
	mag		24.743306
	z_lens		0.356000
	end
cline
	nplan		1 6.200000 
	dmax		0.000000
	algorithm		MARCHINGSQUARES
	limitHigh		0.500000
	limitLow		0.100000
	end
grande
	iso	0 0 1.000000 0.000000 0.000000
	name	best
	profile	0 0
	contour	0 0
	large_dist	2.000000
	end
cosmology
	model	1
	H0	70.000000
	omegaM	0.300000
	omegaX	0.700000
	omegaK	0.000000
	wX	-1.000000
	wa	0.000000
	kcourb	0.000000
	end
field
	xmin	-80.000000
	xmax	80.000000
	ymin	-80.000000
	ymax	80.000000
	end
finish
For z_s = 0.8000  DLS/DS:0.4989
DLS:0.1804(lt) 772.65(Mpc) DOS:0.3616(lt) 1548.71(Mpc)
DOL:0.2405(lt) 1030.17(Mpc) DOL_lum:0.4423(lt) 1894.21(Mpc)
Mcrit:3.235063e-03 (10^12 Msol/kpc^2)
Conversion Factor @ z = 0.356000, 1 arcsec == 4.994 kpc
Number of Clumps: 141
-------- Clump 1: PIEMD Kovner, truncated
 Total mass: 3209.497269(cor) 2563.660758 (10^12 M_sol)
 rcut:300.34(") 1500.00(kpc)
 vdisp:1329.26(km/s) b0:76.4366
 rc:39.99(") 199.74(kpc)
 rt:300.34(") 1500.00(kpc)
 r_ct:0.0000 r_cr:0.0000
-------- Clump 2: PIEMD Kovner, truncated
 Total mass: 307.602307(cor) 260.784170 (10^12 M_sol)
 rcut:68.01(") 339.66(kpc)
 vdisp:864.79(km/s) b0:32.3520
 rc:4.60(") 22.97(kpc)
 rt:68.01(") 339.66(kpc)
 r_ct:0.0000 r_cr:0.0000
-------- Clump 3: PIEMD Kovner, truncated
 Total mass: 0.452466(cor) 0.405876 (10^12 M_sol)
 rcut:2.56(") 12.80(kpc)
 vdisp:170.82(km/s) b0:1.2623
 rc:0.02(") 0.12(kpc)
 rt:2.56(") 12.80(kpc)
 r_ct:0.0000 r_cr:0.0000
-------- Clump 4: PIEMD Kovner, truncated
 Total mass: 0.450469(cor) 0.404084 (10^12 M_sol)
 rcut:2.56(") 12.78(kpc)
 vdisp:170.63(km/s) b0:1.2596
 rc:0.02(") 0.12(kpc)
 rt:2.56(") 12.78(kpc)
 r_ct:0.0000 r_cr:0.0000
-------- Clump 5: PIEMD Kovner, truncated
 Total mass: 0.401921(cor) 0.360535 (10^12 M_sol)
 rcut:2.42(") 12.07(kpc)
 vdisp:165.84(km/s) b0:1.1898
 rc:0.02(") 0.11(kpc)
 rt:2.42(") 12.07(kpc)
 r_ct:0.0000 r_cr:0.0000
-------- Clump 6: PIEMD Kovner, truncated
 Total mass: 0.400353(cor) 0.359128 (10^12 M_sol)
 rcut:2.41(") 12.04(kpc)
 vdisp:165.68(km/s) b0:1.1874
 rc:0.02(") 0.11(kpc)
 rt:2.41(") 12.04(kpc)
 r_ct:0.0000 r_cr:0.0000
-------- Clump 7: PIEMD Kovner, truncated
 Total mass: 0.351966(cor) 0.315724 (10^12 M_sol)
 rcut:2.26(") 11.29(kpc)
 vdisp:160.43(km/s) b0:1.1134
 rc:0.02(") 0.10(kpc)
 rt:2.26(") 11.29(kpc)
 r_ct:0.0000 r_cr:0.0000
-------- Clump 8: PIEMD Kovner, truncated
 Total mass: 0.332097(cor) 0.297901 (10^12 M_sol)
 rcut:2.20(") 10.97(kpc)
 vdisp:158.11(km/s) b0:1.0815
 rc:0.02(") 0.10(kpc)
 rt:2.20(") 10.97(kpc)
 r_ct:0.0000 r_cr:0.0000
-------- Clump 9: PIEMD Kovner, truncated
 Total mass: 0.326312(cor) 0.292712 (10^12 M_sol)
 rcut:2.18(") 10.87(kpc)
 vdisp:157.42(km/s) b0:1.0720
 rc:0.02(") 0.10(kpc)
 rt:2.18(") 10.87(kpc)
 r_ct:0.0000 r_cr:0.0000
-------- Clump 10: PIEMD Kovner, truncated
 Total mass: 0.289507(cor) 0.259696 (10^12 M_sol)
 rcut:2.05(") 10.24(kpc)
 vdisp:152.78(km/s) b0:1.0098
 rc:0.02(") 0.09(kpc)
 rt:2.05(") 10.24(kpc)
 r_ct:0.0000 r_cr:0.0000
-------- Clump 11: PIEMD Kovner, truncated
 Total mass: 0.287052(cor) 0.257495 (10^12 M_sol)
 rcut:2.04(") 10.20(kpc)
 vdisp:152.45(km/s) b0:1.0055
 rc:0.02(") 0.09(kpc)
 rt:2.04(") 10.20(kpc)
 r_ct:0.0000 r_cr:0.0000
-------- Clump 12: PIEMD Kovner, truncated
 Total mass: 0.243386(cor) 0.218325 (10^12 M_sol)
 rcut:1.88(") 9.39(kpc)
 vdisp:146.29(km/s) b0:0.9258
 rc:0.02(") 0.08(kpc)
 rt:1.88(") 9.39(kpc)
 r_ct:0.0000 r_cr:0.0000
-------- Clump 13: PIEMD Kovner, truncated
 Total mass: 0.229026(cor) 0.205443 (10^12 M_sol)
 rcut:1.82(") 9.11(kpc)
 vdisp:144.09(km/s) b0:0.8981
 rc:0.02(") 0.08(kpc)
 rt:1.82(") 9.11(kpc)
 r_ct:0.0000 r_cr:0.0000
-------- Clump 14: PIEMD Kovner, truncated
 Total mass: 0.225288(cor) 0.202090 (10^12 M_sol)
 rcut:1.81(") 9.04(kpc)
 vdisp:143.49(km/s) b0:0.8907
 rc:0.02(") 0.08(kpc)
 rt:1.81(") 9.04(kpc)
 r_ct:0.0000 r_cr:0.0000
-------- Clump 15: PIEMD Kovner, truncated
 Total mass: 0.209289(cor) 0.187738 (10^12 M_sol)
 rcut:1.74(") 8.71(kpc)
 vdisp:140.88(km/s) b0:0.8585
 rc:0.02(") 0.08(kpc)
 rt:1.74(") 8.71(kpc)
 r_ct:0.0000 r_cr:0.0000
-------- Clump 16: PIEMD Kovner, truncated
 Total mass: 0.195055(cor) 0.174971 (10^12 M_sol)
 rcut:1.68(") 8.41(kpc)
 vdisp:138.42(km/s) b0:0.8288
 rc:0.02(") 0.08(kpc)
 rt:1.68(") 8.41(kpc)
 r_ct:0.0000 r_cr:0.0000
-------- Clump 17: PIEMD Kovner, truncated
 Total mass: 0.183622(cor) 0.164714 (10^12 M_sol)
 rcut:1.63(") 8.16(kpc)
 vdisp:136.34(km/s) b0:0.8042
 rc:0.01(") 0.07(kpc)
 rt:1.63(") 8.16(kpc)
 r_ct:0.0000 r_cr:0.0000
-------- Clump 18: PIEMD Kovner, truncated
 Total mass: 0.166727(cor) 0.149559 (10^12 M_sol)
 rcut:1.56(") 7.77(kpc)
 vdisp:133.09(km/s) b0:0.7663
 rc:0.01(") 0.07(kpc)
 rt:1.56(") 7.77(kpc)
 r_ct:0.0000 r_cr:0.0000
-------- Clump 19: PIEMD Kovner, truncated
 Total mass: 0.164370(cor) 0.147444 (10^12 M_sol)
 rcut:1.55(") 7.72(kpc)
 vdisp:132.62(km/s) b0:0.7608
 rc:0.01(") 0.07(kpc)
 rt:1.55(") 7.72(kpc)
 r_ct:0.0000 r_cr:0.0000
-------- Clump 20: PIEMD Kovner, truncated
 Total mass: 0.158324(cor) 0.142021 (10^12 M_sol)
 rcut:1.52(") 7.57(kpc)
 vdisp:131.38(km/s) b0:0.7467
 rc:0.01(") 0.07(kpc)
 rt:1.52(") 7.57(kpc)
 r_ct:0.0000 r_cr:0.0000
-------- Clump 21: PIEMD Kovner, truncated
 Total mass: 0.152549(cor) 0.136841 (10^12 M_sol)
 rcut:1.49(") 7.43(kpc)
 vdisp:130.17(km/s) b0:0.7330
 rc:0.01(") 0.07(kpc)
 rt:1.49(") 7.43(kpc)
 r_ct:0.0000 r_cr:0.0000
-------- Clump 22: PIEMD Kovner, truncated
 Total mass: 0.151545(cor) 0.135940 (10^12 M_sol)
 rcut:1.48(") 7.41(kpc)
 vdisp:129.95(km/s) b0:0.7306
 rc:0.01(") 0.07(kpc)
 rt:1.48(") 7.41(kpc)
 r_ct:0.0000 r_cr:0.0000
-------- Clump 23: PIEMD Kovner, truncated
 Total mass: 0.147640(cor) 0.132438 (10^12 M_sol)
 rcut:1.46(") 7.31(kpc)
 vdisp:129.11(km/s) b0:0.7211
 rc:0.01(") 0.07(kpc)
 rt:1.46(") 7.31(kpc)
 r_ct:0.0000 r_cr:0.0000
-------- Clump 24: PIEMD Kovner, truncated
 Total mass: 0.146034(cor) 0.130997 (10^12 M_sol)
 rcut:1.46(") 7.27(kpc)
 vdisp:128.76(km/s) b0:0.7172
 rc:0.01(") 0.07(kpc)
 rt:1.46(") 7.27(kpc)
 r_ct:0.0000 r_cr:0.0000
-------- Clump 25: PIEMD Kovner, truncated
 Total mass: 0.143389(cor) 0.128624 (10^12 M_sol)
 rcut:1.44(") 7.21(kpc)
 vdisp:128.17(km/s) b0:0.7106
 rc:0.01(") 0.07(kpc)
 rt:1.44(") 7.21(kpc)
 r_ct:0.0000 r_cr:0.0000
-------- Clump 26: PIEMD Kovner, truncated
 Total mass: 0.141701(cor) 0.127110 (10^12 M_sol)
 rcut:1.43(") 7.17(kpc)
 vdisp:127.79(km/s) b0:0.7064
 rc:0.01(") 0.06(kpc)
 rt:1.43(") 7.17(kpc)
 r_ct:0.0000 r_cr:0.0000
-------- Clump 27: PIEMD Kovner, truncated
 Total mass: 0.141256(cor) 0.126711 (10^12 M_sol)
 rcut:1.43(") 7.15(kpc)
 vdisp:127.69(km/s) b0:0.7053
 rc:0.01(") 0.06(kpc)
 rt:1.43(") 7.15(kpc)
 r_ct:0.0000 r_cr:0.0000
-------- Clump 28: PIEMD Kovner, truncated
 Total mass: 0.138000(cor) 0.123790 (10^12 M_sol)
 rcut:1.42(") 7.07(kpc)
 vdisp:126.95(km/s) b0:0.6971
 rc:0.01(") 0.06(kpc)
 rt:1.42(") 7.07(kpc)
 r_ct:0.0000 r_cr:0.0000
-------- Clump 29: PIEMD Kovner, truncated
 Total mass: 0.130578(cor) 0.117132 (10^12 M_sol)
 rcut:1.38(") 6.88(kpc)
 vdisp:125.20(km/s) b0:0.6781
 rc:0.01(") 0.06(kpc)
 rt:1.38(") 6.88(kpc)
 r_ct:0.0000 r_cr:0.0000
-------- Clump 30: PIEMD Kovner, truncated
 Total mass: 0.130019(cor) 0.116631 (10^12 M_sol)
 rcut:1.37(") 6.86(kpc)
 vdisp:125.07(km/s) b0:0.6767
 rc:0.01(") 0.06(kpc)
 rt:1.37(") 6.86(kpc)
 r_ct:0.0000 r_cr:0.0000
-------- Clump 31: PIEMD Kovner, truncated
 Total mass: 0.125274(cor) 0.112375 (10^12 M_sol)
 rcut:1.35(") 6.74(kpc)
 vdisp:123.91(km/s) b0:0.6642
 rc:0.01(") 0.06(kpc)
 rt:1.35(") 6.74(kpc)
 r_ct:0.0000 r_cr:0.0000
-------- Clump 32: PIEMD Kovner, truncated
 Total mass: 0.121332(cor) 0.108838 (10^12 M_sol)
 rcut:1.33(") 6.63(kpc)
 vdisp:122.93(km/s) b0:0.6537
 rc:0.01(") 0.06(kpc)
 rt:1.33(") 6.63(kpc)
 r_ct:0.0000 r_cr:0.0000
-------- Clump 33: PIEMD Kovner, truncated
 Total mass: 0.112475(cor) 0.100893 (10^12 M_sol)
 rcut:1.28(") 6.38(kpc)
 vdisp:120.62(km/s) b0:0.6294
 rc:0.01(") 0.06(kpc)
 rt:1.28(") 6.38(kpc)
 r_ct:0.0000 r_cr:0.0000
-------- Clump 34: PIEMD Kovner, truncated
 Total mass: 0.111547(cor) 0.100061 (10^12 M_sol)
 rcut:1.27(") 6.36(kpc)
 vdisp:120.37(km/s) b0:0.6268
 rc:0.01(") 0.06(kpc)
 rt:1.27(") 6.36(kpc)
 r_ct:0.0000 r_cr:0.0000
-------- Clump 35: PIEMD Kovner, truncated
 Total mass: 0.111482(cor) 0.100002 (10^12 M_sol)
 rcut:1.27(") 6.36(kpc)
 vdisp:120.35(km/s) b0:0.6266
 rc:0.01(") 0.06(kpc)
 rt:1.27(") 6.36(kpc)
 r_ct:0.0000 r_cr:0.0000
-------- Clump 36: PIEMD Kovner, truncated
 Total mass: 0.098373(cor) 0.088244 (10^12 M_sol)
 rcut:1.20(") 5.97(kpc)
 vdisp:116.65(km/s) b0:0.5886
 rc:0.01(") 0.05(kpc)
 rt:1.20(") 5.97(kpc)
 r_ct:0.0000 r_cr:0.0000
-------- Clump 37: PIEMD Kovner, truncated
 Total mass: 0.095123(cor) 0.085328 (10^12 M_sol)
 rcut:1.18(") 5.87(kpc)
 vdisp:115.67(km/s) b0:0.5788
 rc:0.01(") 0.05(kpc)
 rt:1.18(") 5.87(kpc)
 r_ct:0.0000 r_cr:0.0000
-------- Clump 38: PIEMD Kovner, truncated
 Total mass: 0.094893(cor) 0.085122 (10^12 M_sol)
 rcut:1.17(") 5.86(kpc)
 vdisp:115.60(km/s) b0:0.5781
 rc:0.01(") 0.05(kpc)
 rt:1.17(") 5.86(kpc)
 r_ct:0.0000 r_cr:0.0000
-------- Clump 39: PIEMD Kovner, truncated
 Total mass: 0.093320(cor) 0.083710 (10^12 M_sol)
 rcut:1.16(") 5.82(kpc)
 vdisp:115.12(km/s) b0:0.5733
 rc:0.01(") 0.05(kpc)
 rt:1.16(") 5.82(kpc)
 r_ct:0.0000 r_cr:0.0000
-------- Clump 40: PIEMD Kovner, truncated
 Total mass: 0.091884(cor) 0.082423 (10^12 M_sol)
 rcut:1.16(") 5.77(kpc)
 vdisp:114.67(km/s) b0:0.5689
 rc:0.01(") 0.05(kpc)
 rt:1.16(") 5.77(kpc)
 r_ct:0.0000 r_cr:0.0000
-------- Clump 41: PIEMD Kovner, truncated
 Total mass: 0.090728(cor) 0.081386 (10^12 M_sol)
 rcut:1.15(") 5.73(kpc)
 vdisp:114.31(km/s) b0:0.5653
 rc:0.01(") 0.05(kpc)
 rt:1.15(") 5.73(kpc)
 r_ct:0.0000 r_cr:0.0000
-------- Clump 42: PIEMD Kovner, truncated
 Total mass: 0.088539(cor) 0.079422 (10^12 M_sol)
 rcut:1.13(") 5.66(kpc)
 vdisp:113.61(km/s) b0:0.5584
 rc:0.01(") 0.05(kpc)
 rt:1.13(") 5.66(kpc)
 r_ct:0.0000 r_cr:0.0000
-------- Clump 43: PIEMD Kovner, truncated
 Total mass: 0.087814(cor) 0.078772 (10^12 M_sol)
 rcut:1.13(") 5.64(kpc)
 vdisp:113.38(km/s) b0:0.5561
 rc:0.01(") 0.05(kpc)
 rt:1.13(") 5.64(kpc)
 r_ct:0.0000 r_cr:0.0000
-------- Clump 44: PIEMD Kovner, truncated
 Total mass: 0.084890(cor) 0.076149 (10^12 M_sol)
 rcut:1.11(") 5.55(kpc)
 vdisp:112.43(km/s) b0:0.5468
 rc:0.01(") 0.05(kpc)
 rt:1.11(") 5.55(kpc)
 r_ct:0.0000 r_cr:0.0000
-------- Clump 45: PIEMD Kovner, truncated
 Total mass: 0.084481(cor) 0.075782 (10^12 M_sol)
 rcut:1.11(") 5.53(kpc)
 vdisp:112.29(km/s) b0:0.5455
 rc:0.01(") 0.05(kpc)
 rt:1.11(") 5.53(kpc)
 r_ct:0.0000 r_cr:0.0000
-------- Clump 46: PIEMD Kovner, truncated
 Total mass: 0.083673(cor) 0.075057 (10^12 M_sol)
 rcut:1.10(") 5.51(kpc)
 vdisp:112.02(km/s) b0:0.5428
 rc:0.01(") 0.05(kpc)
 rt:1.10(") 5.51(kpc)
 r_ct:0.0000 r_cr:0.0000
-------- Clump 47: PIEMD Kovner, truncated
 Total mass: 0.082859(cor) 0.074327 (10^12 M_sol)
 rcut:1.10(") 5.48(kpc)
 vdisp:111.75(km/s) b0:0.5402
 rc:0.01(") 0.05(kpc)
 rt:1.10(") 5.48(kpc)
 r_ct:0.0000 r_cr:0.0000
-------- Clump 48: PIEMD Kovner, truncated
 Total mass: 0.082160(cor) 0.073700 (10^12 M_sol)
 rcut:1.09(") 5.46(kpc)
 vdisp:111.51(km/s) b0:0.5379
 rc:0.01(") 0.05(kpc)
 rt:1.09(") 5.46(kpc)
 r_ct:0.0000 r_cr:0.0000
-------- Clump 49: PIEMD Kovner, truncated
 Total mass: 0.080921(cor) 0.072588 (10^12 M_sol)
 rcut:1.08(") 5.42(kpc)
 vdisp:111.09(km/s) b0:0.5338
 rc:0.01(") 0.05(kpc)
 rt:1.08(") 5.42(kpc)
 r_ct:0.0000 r_cr:0.0000
-------- Clump 50: PIEMD Kovner, truncated
 Total mass: 0.077446(cor) 0.069472 (10^12 M_sol)
 rcut:1.06(") 5.30(kpc)
 vdisp:109.88(km/s) b0:0.5223
 rc:0.01(") 0.05(kpc)
 rt:1.06(") 5.30(kpc)
 r_ct:0.0000 r_cr:0.0000
-------- Clump 51: PIEMD Kovner, truncated
 Total mass: 0.071547(cor) 0.064180 (10^12 M_sol)
 rcut:1.02(") 5.09(kpc)
 vdisp:107.72(km/s) b0:0.5020
 rc:0.01(") 0.05(kpc)
 rt:1.02(") 5.09(kpc)
 r_ct:0.0000 r_cr:0.0000
-------- Clump 52: PIEMD Kovner, truncated
 Total mass: 0.070654(cor) 0.063378 (10^12 M_sol)
 rcut:1.01(") 5.06(kpc)
 vdisp:107.38(km/s) b0:0.4988
 rc:0.01(") 0.05(kpc)
 rt:1.01(") 5.06(kpc)
 r_ct:0.0000 r_cr:0.0000
-------- Clump 53: PIEMD Kovner, truncated
 Total mass: 0.067893(cor) 0.060902 (10^12 M_sol)
 rcut:0.99(") 4.96(kpc)
 vdisp:106.32(km/s) b0:0.4890
 rc:0.01(") 0.04(kpc)
 rt:0.99(") 4.96(kpc)
 r_ct:0.0000 r_cr:0.0000
-------- Clump 54: PIEMD Kovner, truncated
 Total mass: 0.067037(cor) 0.060134 (10^12 M_sol)
 rcut:0.99(") 4.93(kpc)
 vdisp:105.98(km/s) b0:0.4859
 rc:0.01(") 0.04(kpc)
 rt:0.99(") 4.93(kpc)
 r_ct:0.0000 r_cr:0.0000
-------- Clump 55: PIEMD Kovner, truncated
 Total mass: 0.066569(cor) 0.059714 (10^12 M_sol)
 rcut:0.98(") 4.91(kpc)
 vdisp:105.80(km/s) b0:0.4842
 rc:0.01(") 0.04(kpc)
 rt:0.98(") 4.91(kpc)
 r_ct:0.0000 r_cr:0.0000
-------- Clump 56: PIEMD Kovner, truncated
 Total mass: 0.066198(cor) 0.059382 (10^12 M_sol)
 rcut:0.98(") 4.90(kpc)
 vdisp:105.65(km/s) b0:0.4828
 rc:0.01(") 0.04(kpc)
 rt:0.98(") 4.90(kpc)
 r_ct:0.0000 r_cr:0.0000
-------- Clump 57: PIEMD Kovner, truncated
 Total mass: 0.061899(cor) 0.055525 (10^12 M_sol)
 rcut:0.95(") 4.74(kpc)
 vdisp:103.89(km/s) b0:0.4669
 rc:0.01(") 0.04(kpc)
 rt:0.95(") 4.74(kpc)
 r_ct:0.0000 r_cr:0.0000
-------- Clump 58: PIEMD Kovner, truncated
 Total mass: 0.058977(cor) 0.052904 (10^12 M_sol)
 rcut:0.93(") 4.62(kpc)
 vdisp:102.64(km/s) b0:0.4557
 rc:0.01(") 0.04(kpc)
 rt:0.93(") 4.62(kpc)
 r_ct:0.0000 r_cr:0.0000
-------- Clump 59: PIEMD Kovner, truncated
 Total mass: 0.054371(cor) 0.048772 (10^12 M_sol)
 rcut:0.89(") 4.44(kpc)
 vdisp:100.58(km/s) b0:0.4376
 rc:0.01(") 0.04(kpc)
 rt:0.89(") 4.44(kpc)
 r_ct:0.0000 r_cr:0.0000
-------- Clump 60: PIEMD Kovner, truncated
 Total mass: 0.052738(cor) 0.047307 (10^12 M_sol)
 rcut:0.88(") 4.37(kpc)
 vdisp:99.81(km/s) b0:0.4310
 rc:0.01(") 0.04(kpc)
 rt:0.88(") 4.37(kpc)
 r_ct:0.0000 r_cr:0.0000
-------- Clump 61: PIEMD Kovner, truncated
 Total mass: 0.052580(cor) 0.047166 (10^12 M_sol)
 rcut:0.87(") 4.36(kpc)
 vdisp:99.74(km/s) b0:0.4303
 rc:0.01(") 0.04(kpc)
 rt:0.87(") 4.36(kpc)
 r_ct:0.0000 r_cr:0.0000
-------- Clump 62: PIEMD Kovner, truncated
 Total mass: 0.051570(cor) 0.046259 (10^12 M_sol)
 rcut:0.87(") 4.32(kpc)
 vdisp:99.25(km/s) b0:0.4262
 rc:0.01(") 0.04(kpc)
 rt:0.87(") 4.32(kpc)
 r_ct:0.0000 r_cr:0.0000
-------- Clump 63: PIEMD Kovner, truncated
 Total mass: 0.051029(cor) 0.045775 (10^12 M_sol)
 rcut:0.86(") 4.30(kpc)
 vdisp:98.99(km/s) b0:0.4239
 rc:0.01(") 0.04(kpc)
 rt:0.86(") 4.30(kpc)
 r_ct:0.0000 r_cr:0.0000
-------- Clump 64: PIEMD Kovner, truncated
 Total mass: 0.050439(cor) 0.045245 (10^12 M_sol)
 rcut:0.86(") 4.28(kpc)
 vdisp:98.71(km/s) b0:0.4215
 rc:0.01(") 0.04(kpc)
 rt:0.86(") 4.28(kpc)
 r_ct:0.0000 r_cr:0.0000
-------- Clump 65: PIEMD Kovner, truncated
 Total mass: 0.049910(cor) 0.044770 (10^12 M_sol)
 rcut:0.85(") 4.25(kpc)
 vdisp:98.45(km/s) b0:0.4193
 rc:0.01(") 0.04(kpc)
 rt:0.85(") 4.25(kpc)
 r_ct:0.0000 r_cr:0.0000
-------- Clump 66: PIEMD Kovner, truncated
 Total mass: 0.048083(cor) 0.043132 (10^12 M_sol)
 rcut:0.84(") 4.17(kpc)
 vdisp:97.53(km/s) b0:0.4115
 rc:0.01(") 0.04(kpc)
 rt:0.84(") 4.17(kpc)
 r_ct:0.0000 r_cr:0.0000
-------- Clump 67: PIEMD Kovner, truncated
 Total mass: 0.047989(cor) 0.043048 (10^12 M_sol)
 rcut:0.83(") 4.17(kpc)
 vdisp:97.48(km/s) b0:0.4111
 rc:0.01(") 0.04(kpc)
 rt:0.83(") 4.17(kpc)
 r_ct:0.0000 r_cr:0.0000
-------- Clump 68: PIEMD Kovner, truncated
 Total mass: 0.047922(cor) 0.042987 (10^12 M_sol)
 rcut:0.83(") 4.17(kpc)
 vdisp:97.45(km/s) b0:0.4108
 rc:0.01(") 0.04(kpc)
 rt:0.83(") 4.17(kpc)
 r_ct:0.0000 r_cr:0.0000
-------- Clump 69: PIEMD Kovner, truncated
 Total mass: 0.043722(cor) 0.039220 (10^12 M_sol)
 rcut:0.80(") 3.98(kpc)
 vdisp:95.24(km/s) b0:0.3924
 rc:0.01(") 0.04(kpc)
 rt:0.80(") 3.98(kpc)
 r_ct:0.0000 r_cr:0.0000
-------- Clump 70: PIEMD Kovner, truncated
 Total mass: 0.043683(cor) 0.039185 (10^12 M_sol)
 rcut:0.80(") 3.98(kpc)
 vdisp:95.22(km/s) b0:0.3922
 rc:0.01(") 0.04(kpc)
 rt:0.80(") 3.98(kpc)
 r_ct:0.0000 r_cr:0.0000
-------- Clump 71: PIEMD Kovner, truncated
 Total mass: 0.042286(cor) 0.037932 (10^12 M_sol)
 rcut:0.78(") 3.91(kpc)
 vdisp:94.45(km/s) b0:0.3859
 rc:0.01(") 0.04(kpc)
 rt:0.78(") 3.91(kpc)
 r_ct:0.0000 r_cr:0.0000
-------- Clump 72: PIEMD Kovner, truncated
 Total mass: 0.041336(cor) 0.037080 (10^12 M_sol)
 rcut:0.77(") 3.87(kpc)
 vdisp:93.91(km/s) b0:0.3815
 rc:0.01(") 0.03(kpc)
 rt:0.77(") 3.87(kpc)
 r_ct:0.0000 r_cr:0.0000
-------- Clump 73: PIEMD Kovner, truncated
 Total mass: 0.040952(cor) 0.036735 (10^12 M_sol)
 rcut:0.77(") 3.85(kpc)
 vdisp:93.70(km/s) b0:0.3798
 rc:0.01(") 0.03(kpc)
 rt:0.77(") 3.85(kpc)
 r_ct:0.0000 r_cr:0.0000
-------- Clump 74: PIEMD Kovner, truncated
 Total mass: 0.039821(cor) 0.035721 (10^12 M_sol)
 rcut:0.76(") 3.80(kpc)
 vdisp:93.04(km/s) b0:0.3745
 rc:0.01(") 0.03(kpc)
 rt:0.76(") 3.80(kpc)
 r_ct:0.0000 r_cr:0.0000
-------- Clump 75: PIEMD Kovner, truncated
 Total mass: 0.039316(cor) 0.035268 (10^12 M_sol)
 rcut:0.76(") 3.77(kpc)
 vdisp:92.75(km/s) b0:0.3721
 rc:0.01(") 0.03(kpc)
 rt:0.76(") 3.77(kpc)
 r_ct:0.0000 r_cr:0.0000
-------- Clump 76: PIEMD Kovner, truncated
 Total mass: 0.037708(cor) 0.033826 (10^12 M_sol)
 rcut:0.74(") 3.70(kpc)
 vdisp:91.78(km/s) b0:0.3644
 rc:0.01(") 0.03(kpc)
 rt:0.74(") 3.70(kpc)
 r_ct:0.0000 r_cr:0.0000
-------- Clump 77: PIEMD Kovner, truncated
 Total mass: 0.037336(cor) 0.033492 (10^12 M_sol)
 rcut:0.74(") 3.68(kpc)
 vdisp:91.56(km/s) b0:0.3626
 rc:0.01(") 0.03(kpc)
 rt:0.74(") 3.68(kpc)
 r_ct:0.0000 r_cr:0.0000
-------- Clump 78: PIEMD Kovner, truncated
 Total mass: 0.033985(cor) 0.030486 (10^12 M_sol)
 rcut:0.70(") 3.51(kpc)
 vdisp:89.43(km/s) b0:0.3460
 rc:0.01(") 0.03(kpc)
 rt:0.70(") 3.51(kpc)
 r_ct:0.0000 r_cr:0.0000
-------- Clump 79: PIEMD Kovner, truncated
 Total mass: 0.033586(cor) 0.030128 (10^12 M_sol)
 rcut:0.70(") 3.49(kpc)
 vdisp:89.16(km/s) b0:0.3439
 rc:0.01(") 0.03(kpc)
 rt:0.70(") 3.49(kpc)
 r_ct:0.0000 r_cr:0.0000
-------- Clump 80: PIEMD Kovner, truncated
 Total mass: 0.033567(cor) 0.030111 (10^12 M_sol)
 rcut:0.70(") 3.49(kpc)
 vdisp:89.15(km/s) b0:0.3438
 rc:0.01(") 0.03(kpc)
 rt:0.70(") 3.49(kpc)
 r_ct:0.0000 r_cr:0.0000
-------- Clump 81: PIEMD Kovner, truncated
 Total mass: 0.032158(cor) 0.028846 (10^12 M_sol)
 rcut:0.68(") 3.41(kpc)
 vdisp:88.20(km/s) b0:0.3365
 rc:0.01(") 0.03(kpc)
 rt:0.68(") 3.41(kpc)
 r_ct:0.0000 r_cr:0.0000
-------- Clump 82: PIEMD Kovner, truncated
 Total mass: 0.031999(cor) 0.028704 (10^12 M_sol)
 rcut:0.68(") 3.41(kpc)
 vdisp:88.09(km/s) b0:0.3357
 rc:0.01(") 0.03(kpc)
 rt:0.68(") 3.41(kpc)
 r_ct:0.0000 r_cr:0.0000
-------- Clump 83: PIEMD Kovner, truncated
 Total mass: 0.030951(cor) 0.027764 (10^12 M_sol)
 rcut:0.67(") 3.35(kpc)
 vdisp:87.36(km/s) b0:0.3302
 rc:0.01(") 0.03(kpc)
 rt:0.67(") 3.35(kpc)
 r_ct:0.0000 r_cr:0.0000
-------- Clump 84: PIEMD Kovner, truncated
 Total mass: 0.030936(cor) 0.027750 (10^12 M_sol)
 rcut:0.67(") 3.35(kpc)
 vdisp:87.35(km/s) b0:0.3301
 rc:0.01(") 0.03(kpc)
 rt:0.67(") 3.35(kpc)
 r_ct:0.0000 r_cr:0.0000
-------- Clump 85: PIEMD Kovner, truncated
 Total mass: 0.030652(cor) 0.027496 (10^12 M_sol)
 rcut:0.67(") 3.33(kpc)
 vdisp:87.15(km/s) b0:0.3286
 rc:0.01(") 0.03(kpc)
 rt:0.67(") 3.33(kpc)
 r_ct:0.0000 r_cr:0.0000
-------- Clump 86: PIEMD Kovner, truncated
 Total mass: 0.028232(cor) 0.025325 (10^12 M_sol)
 rcut:0.64(") 3.20(kpc)
 vdisp:85.38(km/s) b0:0.3153
 rc:0.01(") 0.03(kpc)
 rt:0.64(") 3.20(kpc)
 r_ct:0.0000 r_cr:0.0000
-------- Clump 87: PIEMD Kovner, truncated
 Total mass: 0.027836(cor) 0.024970 (10^12 M_sol)
 rcut:0.64(") 3.18(kpc)
 vdisp:85.08(km/s) b0:0.3131
 rc:0.01(") 0.03(kpc)
 rt:0.64(") 3.18(kpc)
 r_ct:0.0000 r_cr:0.0000
-------- Clump 88: PIEMD Kovner, truncated
 Total mass: 0.027046(cor) 0.024261 (10^12 M_sol)
 rcut:0.63(") 3.13(kpc)
 vdisp:84.47(km/s) b0:0.3086
 rc:0.01(") 0.03(kpc)
 rt:0.63(") 3.13(kpc)
 r_ct:0.0000 r_cr:0.0000
-------- Clump 89: PIEMD Kovner, truncated
 Total mass: 0.025854(cor) 0.023192 (10^12 M_sol)
 rcut:0.61(") 3.06(kpc)
 vdisp:83.52(km/s) b0:0.3018
 rc:0.01(") 0.03(kpc)
 rt:0.61(") 3.06(kpc)
 r_ct:0.0000 r_cr:0.0000
-------- Clump 90: PIEMD Kovner, truncated
 Total mass: 0.025745(cor) 0.023094 (10^12 M_sol)
 rcut:0.61(") 3.05(kpc)
 vdisp:83.43(km/s) b0:0.3011
 rc:0.01(") 0.03(kpc)
 rt:0.61(") 3.05(kpc)
 r_ct:0.0000 r_cr:0.0000
-------- Clump 91: PIEMD Kovner, truncated
 Total mass: 0.025640(cor) 0.023000 (10^12 M_sol)
 rcut:0.61(") 3.05(kpc)
 vdisp:83.35(km/s) b0:0.3005
 rc:0.01(") 0.03(kpc)
 rt:0.61(") 3.05(kpc)
 r_ct:0.0000 r_cr:0.0000
-------- Clump 92: PIEMD Kovner, truncated
 Total mass: 0.024617(cor) 0.022083 (10^12 M_sol)
 rcut:0.60(") 2.99(kpc)
 vdisp:82.50(km/s) b0:0.2944
 rc:0.01(") 0.03(kpc)
 rt:0.60(") 2.99(kpc)
 r_ct:0.0000 r_cr:0.0000
-------- Clump 93: PIEMD Kovner, truncated
 Total mass: 0.024294(cor) 0.021792 (10^12 M_sol)
 rcut:0.59(") 2.97(kpc)
 vdisp:82.23(km/s) b0:0.2925
 rc:0.01(") 0.03(kpc)
 rt:0.59(") 2.97(kpc)
 r_ct:0.0000 r_cr:0.0000
-------- Clump 94: PIEMD Kovner, truncated
 Total mass: 0.022963(cor) 0.020598 (10^12 M_sol)
 rcut:0.58(") 2.88(kpc)
 vdisp:81.08(km/s) b0:0.2844
 rc:0.01(") 0.03(kpc)
 rt:0.58(") 2.88(kpc)
 r_ct:0.0000 r_cr:0.0000
-------- Clump 95: PIEMD Kovner, truncated
 Total mass: 0.022007(cor) 0.019741 (10^12 M_sol)
 rcut:0.57(") 2.82(kpc)
 vdisp:80.22(km/s) b0:0.2784
 rc:0.01(") 0.03(kpc)
 rt:0.57(") 2.82(kpc)
 r_ct:0.0000 r_cr:0.0000
-------- Clump 96: PIEMD Kovner, truncated
 Total mass: 0.021124(cor) 0.018949 (10^12 M_sol)
 rcut:0.55(") 2.77(kpc)
 vdisp:79.40(km/s) b0:0.2728
 rc:0.01(") 0.03(kpc)
 rt:0.55(") 2.77(kpc)
 r_ct:0.0000 r_cr:0.0000
-------- Clump 97: PIEMD Kovner, truncated
 Total mass: 0.020968(cor) 0.018809 (10^12 M_sol)
 rcut:0.55(") 2.76(kpc)
 vdisp:79.26(km/s) b0:0.2717
 rc:0.00(") 0.02(kpc)
 rt:0.55(") 2.76(kpc)
 r_ct:0.0000 r_cr:0.0000
-------- Clump 98: PIEMD Kovner, truncated
 Total mass: 0.020905(cor) 0.018753 (10^12 M_sol)
 rcut:0.55(") 2.75(kpc)
 vdisp:79.20(km/s) b0:0.2713
 rc:0.00(") 0.02(kpc)
 rt:0.55(") 2.75(kpc)
 r_ct:0.0000 r_cr:0.0000
-------- Clump 99: PIEMD Kovner, truncated
 Total mass: 0.020683(cor) 0.018554 (10^12 M_sol)
 rcut:0.55(") 2.74(kpc)
 vdisp:78.99(km/s) b0:0.2699
 rc:0.00(") 0.02(kpc)
 rt:0.55(") 2.74(kpc)
 r_ct:0.0000 r_cr:0.0000
-------- Clump 100: PIEMD Kovner, truncated
 Total mass: 0.020037(cor) 0.017974 (10^12 M_sol)
 rcut:0.54(") 2.69(kpc)
 vdisp:78.36(km/s) b0:0.2656
 rc:0.00(") 0.02(kpc)
 rt:0.54(") 2.69(kpc)
 r_ct:0.0000 r_cr:0.0000
-------- Clump 101: PIEMD Kovner, truncated
 Total mass: 0.019364(cor) 0.017370 (10^12 M_sol)
 rcut:0.53(") 2.65(kpc)
 vdisp:77.70(km/s) b0:0.2611
 rc:0.00(") 0.02(kpc)
 rt:0.53(") 2.65(kpc)
 r_ct:0.0000 r_cr:0.0000
-------- Clump 102: PIEMD Kovner, truncated
 Total mass: 0.018458(cor) 0.016557 (10^12 M_sol)
 rcut:0.52(") 2.59(kpc)
 vdisp:76.77(km/s) b0:0.2550
 rc:0.00(") 0.02(kpc)
 rt:0.52(") 2.59(kpc)
 r_ct:0.0000 r_cr:0.0000
-------- Clump 103: PIEMD Kovner, truncated
 Total mass: 0.018196(cor) 0.016322 (10^12 M_sol)
 rcut:0.51(") 2.57(kpc)
 vdisp:76.50(km/s) b0:0.2531
 rc:0.00(") 0.02(kpc)
 rt:0.51(") 2.57(kpc)
 r_ct:0.0000 r_cr:0.0000
-------- Clump 104: PIEMD Kovner, truncated
 Total mass: 0.018116(cor) 0.016251 (10^12 M_sol)
 rcut:0.51(") 2.56(kpc)
 vdisp:76.41(km/s) b0:0.2526
 rc:0.00(") 0.02(kpc)
 rt:0.51(") 2.56(kpc)
 r_ct:0.0000 r_cr:0.0000
-------- Clump 105: PIEMD Kovner, truncated
 Total mass: 0.017641(cor) 0.015824 (10^12 M_sol)
 rcut:0.51(") 2.53(kpc)
 vdisp:75.91(km/s) b0:0.2493
 rc:0.00(") 0.02(kpc)
 rt:0.51(") 2.53(kpc)
 r_ct:0.0000 r_cr:0.0000
-------- Clump 106: PIEMD Kovner, truncated
 Total mass: 0.017467(cor) 0.015669 (10^12 M_sol)
 rcut:0.50(") 2.52(kpc)
 vdisp:75.72(km/s) b0:0.2480
 rc:0.00(") 0.02(kpc)
 rt:0.50(") 2.52(kpc)
 r_ct:0.0000 r_cr:0.0000
-------- Clump 107: PIEMD Kovner, truncated
 Total mass: 0.017120(cor) 0.015358 (10^12 M_sol)
 rcut:0.50(") 2.49(kpc)
 vdisp:75.34(km/s) b0:0.2456
 rc:0.00(") 0.02(kpc)
 rt:0.50(") 2.49(kpc)
 r_ct:0.0000 r_cr:0.0000
-------- Clump 108: PIEMD Kovner, truncated
 Total mass: 0.016541(cor) 0.014838 (10^12 M_sol)
 rcut:0.49(") 2.45(kpc)
 vdisp:74.70(km/s) b0:0.2414
 rc:0.00(") 0.02(kpc)
 rt:0.49(") 2.45(kpc)
 r_ct:0.0000 r_cr:0.0000
-------- Clump 109: PIEMD Kovner, truncated
 Total mass: 0.016495(cor) 0.014797 (10^12 M_sol)
 rcut:0.49(") 2.44(kpc)
 vdisp:74.64(km/s) b0:0.2410
 rc:0.00(") 0.02(kpc)
 rt:0.49(") 2.44(kpc)
 r_ct:0.0000 r_cr:0.0000
-------- Clump 110: PIEMD Kovner, truncated
 Total mass: 0.016194(cor) 0.014527 (10^12 M_sol)
 rcut:0.49(") 2.42(kpc)
 vdisp:74.30(km/s) b0:0.2388
 rc:0.00(") 0.02(kpc)
 rt:0.49(") 2.42(kpc)
 r_ct:0.0000 r_cr:0.0000
-------- Clump 111: PIEMD Kovner, truncated
 Total mass: 0.015892(cor) 0.014256 (10^12 M_sol)
 rcut:0.48(") 2.40(kpc)
 vdisp:73.95(km/s) b0:0.2366
 rc:0.00(") 0.02(kpc)
 rt:0.48(") 2.40(kpc)
 r_ct:0.0000 r_cr:0.0000
-------- Clump 112: PIEMD Kovner, truncated
 Total mass: 0.015188(cor) 0.013624 (10^12 M_sol)
 rcut:0.47(") 2.35(kpc)
 vdisp:73.12(km/s) b0:0.2313
 rc:0.00(") 0.02(kpc)
 rt:0.47(") 2.35(kpc)
 r_ct:0.0000 r_cr:0.0000
-------- Clump 113: PIEMD Kovner, truncated
 Total mass: 0.014358(cor) 0.012880 (10^12 M_sol)
 rcut:0.46(") 2.28(kpc)
 vdisp:72.10(km/s) b0:0.2249
 rc:0.00(") 0.02(kpc)
 rt:0.46(") 2.28(kpc)
 r_ct:0.0000 r_cr:0.0000
-------- Clump 114: PIEMD Kovner, truncated
 Total mass: 0.012862(cor) 0.011538 (10^12 M_sol)
 rcut:0.43(") 2.16(kpc)
 vdisp:70.14(km/s) b0:0.2128
 rc:0.00(") 0.02(kpc)
 rt:0.43(") 2.16(kpc)
 r_ct:0.0000 r_cr:0.0000
-------- Clump 115: PIEMD Kovner, truncated
 Total mass: 0.012729(cor) 0.011419 (10^12 M_sol)
 rcut:0.43(") 2.15(kpc)
 vdisp:69.96(km/s) b0:0.2117
 rc:0.00(") 0.02(kpc)
 rt:0.43(") 2.15(kpc)
 r_ct:0.0000 r_cr:0.0000
-------- Clump 116: PIEMD Kovner, truncated
 Total mass: 0.012199(cor) 0.010942 (10^12 M_sol)
 rcut:0.42(") 2.10(kpc)
 vdisp:69.22(km/s) b0:0.2073
 rc:0.00(") 0.02(kpc)
 rt:0.42(") 2.10(kpc)
 r_ct:0.0000 r_cr:0.0000
-------- Clump 117: PIEMD Kovner, truncated
 Total mass: 0.011602(cor) 0.010407 (10^12 M_sol)
 rcut:0.41(") 2.05(kpc)
 vdisp:68.36(km/s) b0:0.2021
 rc:0.00(") 0.02(kpc)
 rt:0.41(") 2.05(kpc)
 r_ct:0.0000 r_cr:0.0000
-------- Clump 118: PIEMD Kovner, truncated
 Total mass: 0.011396(cor) 0.010223 (10^12 M_sol)
 rcut:0.41(") 2.03(kpc)
 vdisp:68.05(km/s) b0:0.2003
 rc:0.00(") 0.02(kpc)
 rt:0.41(") 2.03(kpc)
 r_ct:0.0000 r_cr:0.0000
-------- Clump 119: PIEMD Kovner, truncated
 Total mass: 0.011270(cor) 0.010109 (10^12 M_sol)
 rcut:0.40(") 2.02(kpc)
 vdisp:67.86(km/s) b0:0.1992
 rc:0.00(") 0.02(kpc)
 rt:0.40(") 2.02(kpc)
 r_ct:0.0000 r_cr:0.0000
-------- Clump 120: PIEMD Kovner, truncated
 Total mass: 0.011061(cor) 0.009922 (10^12 M_sol)
 rcut:0.40(") 2.00(kpc)
 vdisp:67.55(km/s) b0:0.1974
 rc:0.00(") 0.02(kpc)
 rt:0.40(") 2.00(kpc)
 r_ct:0.0000 r_cr:0.0000
-------- Clump 121: PIEMD Kovner, truncated
 Total mass: 0.011025(cor) 0.009890 (10^12 M_sol)
 rcut:0.40(") 2.00(kpc)
 vdisp:67.49(km/s) b0:0.1971
 rc:0.00(") 0.02(kpc)
 rt:0.40(") 2.00(kpc)
 r_ct:0.0000 r_cr:0.0000
-------- Clump 122: PIEMD Kovner, truncated
 Total mass: 0.010895(cor) 0.009773 (10^12 M_sol)
 rcut:0.40(") 1.99(kpc)
 vdisp:67.29(km/s) b0:0.1959
 rc:0.00(") 0.02(kpc)
 rt:0.40(") 1.99(kpc)
 r_ct:0.0000 r_cr:0.0000
-------- Clump 123: PIEMD Kovner, truncated
 Total mass: 0.010087(cor) 0.009048 (10^12 M_sol)
 rcut:0.38(") 1.91(kpc)
 vdisp:66.01(km/s) b0:0.1885
 rc:0.00(") 0.02(kpc)
 rt:0.38(") 1.91(kpc)
 r_ct:0.0000 r_cr:0.0000
-------- Clump 124: PIEMD Kovner, truncated
 Total mass: 0.009599(cor) 0.008611 (10^12 M_sol)
 rcut:0.37(") 1.87(kpc)
 vdisp:65.19(km/s) b0:0.1839
 rc:0.00(") 0.02(kpc)
 rt:0.37(") 1.87(kpc)
 r_ct:0.0000 r_cr:0.0000
-------- Clump 125: PIEMD Kovner, truncated
 Total mass: 0.009144(cor) 0.008202 (10^12 M_sol)
 rcut:0.36(") 1.82(kpc)
 vdisp:64.41(km/s) b0:0.1794
 rc:0.00(") 0.02(kpc)
 rt:0.36(") 1.82(kpc)
 r_ct:0.0000 r_cr:0.0000
-------- Clump 126: PIEMD Kovner, truncated
 Total mass: 0.009001(cor) 0.008074 (10^12 M_sol)
 rcut:0.36(") 1.81(kpc)
 vdisp:64.15(km/s) b0:0.1780
 rc:0.00(") 0.02(kpc)
 rt:0.36(") 1.81(kpc)
 r_ct:0.0000 r_cr:0.0000
-------- Clump 127: PIEMD Kovner, truncated
 Total mass: 0.008907(cor) 0.007990 (10^12 M_sol)
 rcut:0.36(") 1.80(kpc)
 vdisp:63.99(km/s) b0:0.1771
 rc:0.00(") 0.02(kpc)
 rt:0.36(") 1.80(kpc)
 r_ct:0.0000 r_cr:0.0000
-------- Clump 128: PIEMD Kovner, truncated
 Total mass: 0.008766(cor) 0.007863 (10^12 M_sol)
 rcut:0.36(") 1.78(kpc)
 vdisp:63.73(km/s) b0:0.1757
 rc:0.00(") 0.02(kpc)
 rt:0.36(") 1.78(kpc)
 r_ct:0.0000 r_cr:0.0000
-------- Clump 129: PIEMD Kovner, truncated
 Total mass: 0.008517(cor) 0.007640 (10^12 M_sol)
 rcut:0.35(") 1.76(kpc)
 vdisp:63.27(km/s) b0:0.1732
 rc:0.00(") 0.02(kpc)
 rt:0.35(") 1.76(kpc)
 r_ct:0.0000 r_cr:0.0000
-------- Clump 130: PIEMD Kovner, truncated
 Total mass: 0.008424(cor) 0.007557 (10^12 M_sol)
 rcut:0.35(") 1.75(kpc)
 vdisp:63.10(km/s) b0:0.1722
 rc:0.00(") 0.02(kpc)
 rt:0.35(") 1.75(kpc)
 r_ct:0.0000 r_cr:0.0000
-------- Clump 131: PIEMD Kovner, truncated
 Total mass: 0.008324(cor) 0.007467 (10^12 M_sol)
 rcut:0.35(") 1.74(kpc)
 vdisp:62.91(km/s) b0:0.1712
 rc:0.00(") 0.02(kpc)
 rt:0.35(") 1.74(kpc)
 r_ct:0.0000 r_cr:0.0000
-------- Clump 132: PIEMD Kovner, truncated
 Total mass: 0.008248(cor) 0.007399 (10^12 M_sol)
 rcut:0.35(") 1.73(kpc)
 vdisp:62.77(km/s) b0:0.1704
 rc:0.00(") 0.02(kpc)
 rt:0.35(") 1.73(kpc)
 r_ct:0.0000 r_cr:0.0000
-------- Clump 133: PIEMD Kovner, truncated
 Total mass: 0.008099(cor) 0.007265 (10^12 M_sol)
 rcut:0.34(") 1.71(kpc)
 vdisp:62.48(km/s) b0:0.1689
 rc:0.00(") 0.02(kpc)
 rt:0.34(") 1.71(kpc)
 r_ct:0.0000 r_cr:0.0000
-------- Clump 134: PIEMD Kovner, truncated
 Total mass: 0.007855(cor) 0.007046 (10^12 M_sol)
 rcut:0.34(") 1.69(kpc)
 vdisp:62.01(km/s) b0:0.1663
 rc:0.00(") 0.02(kpc)
 rt:0.34(") 1.69(kpc)
 r_ct:0.0000 r_cr:0.0000
-------- Clump 135: PIEMD Kovner, truncated
 Total mass: 0.007783(cor) 0.006982 (10^12 M_sol)
 rcut:0.34(") 1.68(kpc)
 vdisp:61.86(km/s) b0:0.1656
 rc:0.00(") 0.02(kpc)
 rt:0.34(") 1.68(kpc)
 r_ct:0.0000 r_cr:0.0000
-------- Clump 136: PIEMD Kovner, truncated
 Total mass: 0.007636(cor) 0.006849 (10^12 M_sol)
 rcut:0.33(") 1.66(kpc)
 vdisp:61.57(km/s) b0:0.1640
 rc:0.00(") 0.02(kpc)
 rt:0.33(") 1.66(kpc)
 r_ct:0.0000 r_cr:0.0000
-------- Clump 137: PIEMD Kovner, truncated
 Total mass: 0.007535(cor) 0.006759 (10^12 M_sol)
 rcut:0.33(") 1.65(kpc)
 vdisp:61.36(km/s) b0:0.1629
 rc:0.00(") 0.01(kpc)
 rt:0.33(") 1.65(kpc)
 r_ct:0.0000 r_cr:0.0000
-------- Clump 138: PIEMD Kovner, truncated
 Total mass: 0.007477(cor) 0.006707 (10^12 M_sol)
 rcut:0.33(") 1.65(kpc)
 vdisp:61.25(km/s) b0:0.1623
 rc:0.00(") 0.01(kpc)
 rt:0.33(") 1.65(kpc)
 r_ct:0.0000 r_cr:0.0000
-------- Clump 139: PIEMD Kovner, truncated
 Total mass: 0.007044(cor) 0.006319 (10^12 M_sol)
 rcut:0.32(") 1.60(kpc)
 vdisp:60.34(km/s) b0:0.1575
 rc:0.00(") 0.01(kpc)
 rt:0.32(") 1.60(kpc)
 r_ct:0.0000 r_cr:0.0000
-------- Clump 140: PIEMD Kovner, truncated
 Total mass: 0.006879(cor) 0.006170 (10^12 M_sol)
 rcut:0.32(") 1.58(kpc)
 vdisp:59.98(km/s) b0:0.1556
 rc:0.00(") 0.01(kpc)
 rt:0.32(") 1.58(kpc)
 r_ct:0.0000 r_cr:0.0000
-------- Clump 141: PIEMD Kovner, truncated
 Total mass: 0.000730(cor) 0.000655 (10^12 M_sol)
 rcut:0.10(") 0.51(kpc)
 vdisp:34.23(km/s) b0:0.0507
 rc:0.00(") 0.00(kpc)
 rt:0.10(") 0.51(kpc)
 r_ct:0.0000 r_cr:0.0000
